ARM GAS  C:\Users\Welbot PC-3\AppData\Local\Temp\ccCGoree.s 			page 1


   1              		.cpu cortex-m4
   2              		.eabi_attribute 27, 1
   3              		.eabi_attribute 28, 1
   4              		.eabi_attribute 20, 1
   5              		.eabi_attribute 21, 1
   6              		.eabi_attribute 23, 3
   7              		.eabi_attribute 24, 1
   8              		.eabi_attribute 25, 1
   9              		.eabi_attribute 26, 1
  10              		.eabi_attribute 30, 1
  11              		.eabi_attribute 34, 1
  12              		.eabi_attribute 18, 4
  13              		.file	"freertos.c"
  14              		.section	.rodata.str1.4,"aMS",%progbits,1
  15              		.align	2
  16              	.LC0:
  17 0000 67616D65 		.ascii	"game_start\000"
  17      5F737461 
  17      727400
  18              		.text
  19              	.Ltext0:
  20              		.cfi_sections	.debug_frame
  21              		.section	.text.GameStartTask,"ax",%progbits
  22              		.align	1
  23              		.global	GameStartTask
  24              		.arch armv7e-m
  25              		.syntax unified
  26              		.thumb
  27              		.thumb_func
  28              		.fpu fpv4-sp-d16
  30              	GameStartTask:
  31              	.LFB143:
  32              		.file 1 "Src/freertos.c"
   1:Src/freertos.c **** /* USER CODE BEGIN Header */
   2:Src/freertos.c **** /**
   3:Src/freertos.c ****   ******************************************************************************
   4:Src/freertos.c ****   * File Name          : freertos.c
   5:Src/freertos.c ****   * Description        : Code for freertos applications
   6:Src/freertos.c ****   ******************************************************************************
   7:Src/freertos.c ****   * @attention
   8:Src/freertos.c ****   *
   9:Src/freertos.c ****   * <h2><center>&copy; Copyright (c) 2021 STMicroelectronics.
  10:Src/freertos.c ****   * All rights reserved.</center></h2>
  11:Src/freertos.c ****   *
  12:Src/freertos.c ****   * This software component is licensed by ST under Ultimate Liberty license
  13:Src/freertos.c ****   * SLA0044, the "License"; You may not use this file except in compliance with
  14:Src/freertos.c ****   * the License. You may obtain a copy of the License at:
  15:Src/freertos.c ****   *                             www.st.com/SLA0044
  16:Src/freertos.c ****   *
  17:Src/freertos.c ****   ******************************************************************************
  18:Src/freertos.c ****   */
  19:Src/freertos.c **** /* USER CODE END Header */
  20:Src/freertos.c **** 
  21:Src/freertos.c **** /* Includes ------------------------------------------------------------------*/
  22:Src/freertos.c **** #include "FreeRTOS.h"
  23:Src/freertos.c **** #include "task.h"
  24:Src/freertos.c **** #include "main.h"
ARM GAS  C:\Users\Welbot PC-3\AppData\Local\Temp\ccCGoree.s 			page 2


  25:Src/freertos.c **** #include "cmsis_os.h"
  26:Src/freertos.c **** 
  27:Src/freertos.c **** /* Private includes ----------------------------------------------------------*/
  28:Src/freertos.c **** /* USER CODE BEGIN Includes */
  29:Src/freertos.c **** #include "imu.h"
  30:Src/freertos.c **** #include "taskstatedisplay.h"
  31:Src/freertos.c **** /* USER CODE END Includes */
  32:Src/freertos.c **** 
  33:Src/freertos.c **** /* Private typedef -----------------------------------------------------------*/
  34:Src/freertos.c **** /* USER CODE BEGIN PTD */
  35:Src/freertos.c **** 
  36:Src/freertos.c **** /* USER CODE END PTD */
  37:Src/freertos.c **** 
  38:Src/freertos.c **** /* Private define ------------------------------------------------------------*/
  39:Src/freertos.c **** /* USER CODE BEGIN PD */
  40:Src/freertos.c **** 
  41:Src/freertos.c **** /* USER CODE END PD */
  42:Src/freertos.c **** 
  43:Src/freertos.c **** /* Private macro -------------------------------------------------------------*/
  44:Src/freertos.c **** /* USER CODE BEGIN PM */
  45:Src/freertos.c **** 
  46:Src/freertos.c **** /* USER CODE END PM */
  47:Src/freertos.c **** 
  48:Src/freertos.c **** /* Private variables ---------------------------------------------------------*/
  49:Src/freertos.c **** /* USER CODE BEGIN Variables */
  50:Src/freertos.c **** 
  51:Src/freertos.c **** /* USER CODE END Variables */
  52:Src/freertos.c **** osThreadId game_startHandle;
  53:Src/freertos.c **** 
  54:Src/freertos.c **** /* Private function prototypes -----------------------------------------------*/
  55:Src/freertos.c **** /* USER CODE BEGIN FunctionPrototypes */
  56:Src/freertos.c **** 
  57:Src/freertos.c **** /* USER CODE END FunctionPrototypes */
  58:Src/freertos.c **** 
  59:Src/freertos.c **** void GameStartTask(void const * argument);
  60:Src/freertos.c **** 
  61:Src/freertos.c **** void MX_FREERTOS_Init(void); /* (MISRA C 2004 rule 8.1) */
  62:Src/freertos.c **** 
  63:Src/freertos.c **** /* GetIdleTaskMemory prototype (linked to static allocation support) */
  64:Src/freertos.c **** void vApplicationGetIdleTaskMemory( StaticTask_t **ppxIdleTaskTCBBuffer, StackType_t **ppxIdleTaskS
  65:Src/freertos.c **** 
  66:Src/freertos.c **** /* GetTimerTaskMemory prototype (linked to static allocation support) */
  67:Src/freertos.c **** void vApplicationGetTimerTaskMemory( StaticTask_t **ppxTimerTaskTCBBuffer, StackType_t **ppxTimerTa
  68:Src/freertos.c **** 
  69:Src/freertos.c **** /* Hook prototypes */
  70:Src/freertos.c **** void configureTimerForRunTimeStats(void);
  71:Src/freertos.c **** unsigned long getRunTimeCounterValue(void);
  72:Src/freertos.c **** 
  73:Src/freertos.c **** /* USER CODE BEGIN 1 */
  74:Src/freertos.c **** /* Functions needed when configGENERATE_RUN_TIME_STATS is on */
  75:Src/freertos.c **** __weak void configureTimerForRunTimeStats(void)
  76:Src/freertos.c **** {
  77:Src/freertos.c ****   FreeRTOSRunTimeTicks=0ul;
  78:Src/freertos.c **** }
  79:Src/freertos.c **** 
  80:Src/freertos.c **** __weak unsigned long getRunTimeCounterValue(void)
  81:Src/freertos.c **** {
ARM GAS  C:\Users\Welbot PC-3\AppData\Local\Temp\ccCGoree.s 			page 3


  82:Src/freertos.c ****   return FreeRTOSRunTimeTicks;
  83:Src/freertos.c **** //return 0;
  84:Src/freertos.c **** }
  85:Src/freertos.c **** /* USER CODE END 1 */
  86:Src/freertos.c **** 
  87:Src/freertos.c **** /* USER CODE BEGIN GET_IDLE_TASK_MEMORY */
  88:Src/freertos.c **** static StaticTask_t xIdleTaskTCBBuffer;
  89:Src/freertos.c **** static StackType_t xIdleStack[configMINIMAL_STACK_SIZE];
  90:Src/freertos.c **** 
  91:Src/freertos.c **** void vApplicationGetIdleTaskMemory( StaticTask_t **ppxIdleTaskTCBBuffer, StackType_t **ppxIdleTaskS
  92:Src/freertos.c **** {
  93:Src/freertos.c ****   *ppxIdleTaskTCBBuffer = &xIdleTaskTCBBuffer;
  94:Src/freertos.c ****   *ppxIdleTaskStackBuffer = &xIdleStack[0];
  95:Src/freertos.c ****   *pulIdleTaskStackSize = configMINIMAL_STACK_SIZE;
  96:Src/freertos.c ****   /* place for user code */
  97:Src/freertos.c **** }
  98:Src/freertos.c **** /* USER CODE END GET_IDLE_TASK_MEMORY */
  99:Src/freertos.c **** 
 100:Src/freertos.c **** /* USER CODE BEGIN GET_TIMER_TASK_MEMORY */
 101:Src/freertos.c **** static StaticTask_t xTimerTaskTCBBuffer;
 102:Src/freertos.c **** static StackType_t xTimerStack[configTIMER_TASK_STACK_DEPTH];
 103:Src/freertos.c **** 
 104:Src/freertos.c **** void vApplicationGetTimerTaskMemory( StaticTask_t **ppxTimerTaskTCBBuffer, StackType_t **ppxTimerTa
 105:Src/freertos.c **** {
 106:Src/freertos.c ****   *ppxTimerTaskTCBBuffer = &xTimerTaskTCBBuffer;
 107:Src/freertos.c ****   *ppxTimerTaskStackBuffer = &xTimerStack[0];
 108:Src/freertos.c ****   *pulTimerTaskStackSize = configTIMER_TASK_STACK_DEPTH;
 109:Src/freertos.c ****   /* place for user code */
 110:Src/freertos.c **** }
 111:Src/freertos.c **** /* USER CODE END GET_TIMER_TASK_MEMORY */
 112:Src/freertos.c **** 
 113:Src/freertos.c **** /**
 114:Src/freertos.c ****   * @brief  FreeRTOS initialization
 115:Src/freertos.c ****   * @param  None
 116:Src/freertos.c ****   * @retval None
 117:Src/freertos.c ****   */
 118:Src/freertos.c **** void MX_FREERTOS_Init(void) {
 119:Src/freertos.c ****   /* USER CODE BEGIN Init */
 120:Src/freertos.c **** 
 121:Src/freertos.c ****   /* USER CODE END Init */
 122:Src/freertos.c **** 
 123:Src/freertos.c ****   /* USER CODE BEGIN RTOS_MUTEX */
 124:Src/freertos.c ****   /* add mutexes, ... */
 125:Src/freertos.c ****   /* USER CODE END RTOS_MUTEX */
 126:Src/freertos.c **** 
 127:Src/freertos.c ****   /* USER CODE BEGIN RTOS_SEMAPHORES */
 128:Src/freertos.c ****   /* add semaphores, ... */
 129:Src/freertos.c ****   /* USER CODE END RTOS_SEMAPHORES */
 130:Src/freertos.c **** 
 131:Src/freertos.c ****   /* USER CODE BEGIN RTOS_TIMERS */
 132:Src/freertos.c ****   /* start timers, add new ones, ... */
 133:Src/freertos.c ****   /* USER CODE END RTOS_TIMERS */
 134:Src/freertos.c **** 
 135:Src/freertos.c ****   /* USER CODE BEGIN RTOS_QUEUES */
 136:Src/freertos.c ****   /* add queues, ... */
 137:Src/freertos.c ****   /* USER CODE END RTOS_QUEUES */
 138:Src/freertos.c **** 
ARM GAS  C:\Users\Welbot PC-3\AppData\Local\Temp\ccCGoree.s 			page 4


 139:Src/freertos.c ****   /* Create the thread(s) */
 140:Src/freertos.c ****   /* definition and creation of game_start */
 141:Src/freertos.c ****   osThreadDef(game_start, GameStartTask, osPriorityBelowNormal, 0, 128);
 142:Src/freertos.c ****   game_startHandle = osThreadCreate(osThread(game_start), NULL);
 143:Src/freertos.c **** 
 144:Src/freertos.c ****   /* USER CODE BEGIN RTOS_THREADS */
 145:Src/freertos.c ****   /* add threads, ... */
 146:Src/freertos.c ****   /* USER CODE END RTOS_THREADS */
 147:Src/freertos.c **** 
 148:Src/freertos.c **** }
 149:Src/freertos.c **** 
 150:Src/freertos.c **** /* USER CODE BEGIN Header_GameStartTask */
 151:Src/freertos.c **** /**
 152:Src/freertos.c ****   * @brief  Function implementing the game_start thread.
 153:Src/freertos.c ****   * @param  argument: Not used
 154:Src/freertos.c ****   * @retval None
 155:Src/freertos.c ****   */
 156:Src/freertos.c **** /* USER CODE END Header_GameStartTask */
 157:Src/freertos.c **** void GameStartTask(void const * argument)
 158:Src/freertos.c **** {
  33              		.loc 1 158 1 view -0
  34              		.cfi_startproc
  35              		@ Volatile: function does not return.
  36              		@ args = 0, pretend = 0, frame = 0
  37              		@ frame_needed = 0, uses_anonymous_args = 0
  38              	.LVL0:
  39              		.loc 1 158 1 is_stmt 0 view .LVU1
  40 0000 08B5     		push	{r3, lr}
  41              	.LCFI0:
  42              		.cfi_def_cfa_offset 8
  43              		.cfi_offset 3, -8
  44              		.cfi_offset 14, -4
  45              	.LVL1:
  46              	.L2:
 159:Src/freertos.c ****   /* USER CODE BEGIN GameStartTask */
 160:Src/freertos.c ****   /* Infinite loop */
 161:Src/freertos.c ****   for(;;)
  47              		.loc 1 161 3 is_stmt 1 discriminator 1 view .LVU2
 162:Src/freertos.c ****   {
 163:Src/freertos.c ****     osDelay(1);
  48              		.loc 1 163 5 discriminator 1 view .LVU3
  49 0002 0120     		movs	r0, #1
  50 0004 FFF7FEFF 		bl	osDelay
  51              	.LVL2:
 161:Src/freertos.c ****   {
  52              		.loc 1 161 8 discriminator 1 view .LVU4
  53 0008 FBE7     		b	.L2
  54              		.cfi_endproc
  55              	.LFE143:
  57              		.section	.text.configureTimerForRunTimeStats,"ax",%progbits
  58              		.align	1
  59              		.weak	configureTimerForRunTimeStats
  60              		.syntax unified
  61              		.thumb
  62              		.thumb_func
  63              		.fpu fpv4-sp-d16
  65              	configureTimerForRunTimeStats:
ARM GAS  C:\Users\Welbot PC-3\AppData\Local\Temp\ccCGoree.s 			page 5


  66              	.LFB138:
  76:Src/freertos.c ****   FreeRTOSRunTimeTicks=0ul;
  67              		.loc 1 76 1 view -0
  68              		.cfi_startproc
  69              		@ args = 0, pretend = 0, frame = 0
  70              		@ frame_needed = 0, uses_anonymous_args = 0
  71              		@ link register save eliminated.
  77:Src/freertos.c **** }
  72              		.loc 1 77 3 view .LVU6
  77:Src/freertos.c **** }
  73              		.loc 1 77 23 is_stmt 0 view .LVU7
  74 0000 024B     		ldr	r3, .L5
  75 0002 0020     		movs	r0, #0
  76 0004 0021     		movs	r1, #0
  77 0006 C3E90001 		strd	r0, [r3]
  78:Src/freertos.c **** 
  78              		.loc 1 78 1 view .LVU8
  79 000a 7047     		bx	lr
  80              	.L6:
  81              		.align	2
  82              	.L5:
  83 000c 00000000 		.word	FreeRTOSRunTimeTicks
  84              		.cfi_endproc
  85              	.LFE138:
  87              		.section	.text.getRunTimeCounterValue,"ax",%progbits
  88              		.align	1
  89              		.weak	getRunTimeCounterValue
  90              		.syntax unified
  91              		.thumb
  92              		.thumb_func
  93              		.fpu fpv4-sp-d16
  95              	getRunTimeCounterValue:
  96              	.LFB139:
  81:Src/freertos.c ****   return FreeRTOSRunTimeTicks;
  97              		.loc 1 81 1 is_stmt 1 view -0
  98              		.cfi_startproc
  99              		@ args = 0, pretend = 0, frame = 0
 100              		@ frame_needed = 0, uses_anonymous_args = 0
 101              		@ link register save eliminated.
  82:Src/freertos.c **** //return 0;
 102              		.loc 1 82 3 view .LVU10
  82:Src/freertos.c **** //return 0;
 103              		.loc 1 82 10 is_stmt 0 view .LVU11
 104 0000 014B     		ldr	r3, .L8
 105 0002 D3E90001 		ldrd	r0, [r3]
  84:Src/freertos.c **** /* USER CODE END 1 */
 106              		.loc 1 84 1 view .LVU12
 107 0006 7047     		bx	lr
 108              	.L9:
 109              		.align	2
 110              	.L8:
 111 0008 00000000 		.word	FreeRTOSRunTimeTicks
 112              		.cfi_endproc
 113              	.LFE139:
 115              		.section	.text.vApplicationGetIdleTaskMemory,"ax",%progbits
 116              		.align	1
 117              		.global	vApplicationGetIdleTaskMemory
ARM GAS  C:\Users\Welbot PC-3\AppData\Local\Temp\ccCGoree.s 			page 6


 118              		.syntax unified
 119              		.thumb
 120              		.thumb_func
 121              		.fpu fpv4-sp-d16
 123              	vApplicationGetIdleTaskMemory:
 124              	.LVL3:
 125              	.LFB140:
  92:Src/freertos.c ****   *ppxIdleTaskTCBBuffer = &xIdleTaskTCBBuffer;
 126              		.loc 1 92 1 is_stmt 1 view -0
 127              		.cfi_startproc
 128              		@ args = 0, pretend = 0, frame = 0
 129              		@ frame_needed = 0, uses_anonymous_args = 0
 130              		@ link register save eliminated.
  93:Src/freertos.c ****   *ppxIdleTaskStackBuffer = &xIdleStack[0];
 131              		.loc 1 93 3 view .LVU14
  93:Src/freertos.c ****   *ppxIdleTaskStackBuffer = &xIdleStack[0];
 132              		.loc 1 93 25 is_stmt 0 view .LVU15
 133 0000 034B     		ldr	r3, .L11
 134 0002 0360     		str	r3, [r0]
  94:Src/freertos.c ****   *pulIdleTaskStackSize = configMINIMAL_STACK_SIZE;
 135              		.loc 1 94 3 is_stmt 1 view .LVU16
  94:Src/freertos.c ****   *pulIdleTaskStackSize = configMINIMAL_STACK_SIZE;
 136              		.loc 1 94 27 is_stmt 0 view .LVU17
 137 0004 034B     		ldr	r3, .L11+4
 138 0006 0B60     		str	r3, [r1]
  95:Src/freertos.c ****   /* place for user code */
 139              		.loc 1 95 3 is_stmt 1 view .LVU18
  95:Src/freertos.c ****   /* place for user code */
 140              		.loc 1 95 25 is_stmt 0 view .LVU19
 141 0008 8023     		movs	r3, #128
 142 000a 1360     		str	r3, [r2]
  97:Src/freertos.c **** /* USER CODE END GET_IDLE_TASK_MEMORY */
 143              		.loc 1 97 1 view .LVU20
 144 000c 7047     		bx	lr
 145              	.L12:
 146 000e 00BF     		.align	2
 147              	.L11:
 148 0010 00000000 		.word	.LANCHOR0
 149 0014 00000000 		.word	.LANCHOR1
 150              		.cfi_endproc
 151              	.LFE140:
 153              		.section	.text.vApplicationGetTimerTaskMemory,"ax",%progbits
 154              		.align	1
 155              		.global	vApplicationGetTimerTaskMemory
 156              		.syntax unified
 157              		.thumb
 158              		.thumb_func
 159              		.fpu fpv4-sp-d16
 161              	vApplicationGetTimerTaskMemory:
 162              	.LVL4:
 163              	.LFB141:
 105:Src/freertos.c ****   *ppxTimerTaskTCBBuffer = &xTimerTaskTCBBuffer;
 164              		.loc 1 105 1 is_stmt 1 view -0
 165              		.cfi_startproc
 166              		@ args = 0, pretend = 0, frame = 0
 167              		@ frame_needed = 0, uses_anonymous_args = 0
 168              		@ link register save eliminated.
ARM GAS  C:\Users\Welbot PC-3\AppData\Local\Temp\ccCGoree.s 			page 7


 106:Src/freertos.c ****   *ppxTimerTaskStackBuffer = &xTimerStack[0];
 169              		.loc 1 106 3 view .LVU22
 106:Src/freertos.c ****   *ppxTimerTaskStackBuffer = &xTimerStack[0];
 170              		.loc 1 106 26 is_stmt 0 view .LVU23
 171 0000 034B     		ldr	r3, .L14
 172 0002 0360     		str	r3, [r0]
 107:Src/freertos.c ****   *pulTimerTaskStackSize = configTIMER_TASK_STACK_DEPTH;
 173              		.loc 1 107 3 is_stmt 1 view .LVU24
 107:Src/freertos.c ****   *pulTimerTaskStackSize = configTIMER_TASK_STACK_DEPTH;
 174              		.loc 1 107 28 is_stmt 0 view .LVU25
 175 0004 034B     		ldr	r3, .L14+4
 176 0006 0B60     		str	r3, [r1]
 108:Src/freertos.c ****   /* place for user code */
 177              		.loc 1 108 3 is_stmt 1 view .LVU26
 108:Src/freertos.c ****   /* place for user code */
 178              		.loc 1 108 26 is_stmt 0 view .LVU27
 179 0008 4FF48073 		mov	r3, #256
 180 000c 1360     		str	r3, [r2]
 110:Src/freertos.c **** /* USER CODE END GET_TIMER_TASK_MEMORY */
 181              		.loc 1 110 1 view .LVU28
 182 000e 7047     		bx	lr
 183              	.L15:
 184              		.align	2
 185              	.L14:
 186 0010 00000000 		.word	.LANCHOR2
 187 0014 00000000 		.word	.LANCHOR3
 188              		.cfi_endproc
 189              	.LFE141:
 191              		.section	.text.MX_FREERTOS_Init,"ax",%progbits
 192              		.align	1
 193              		.global	MX_FREERTOS_Init
 194              		.syntax unified
 195              		.thumb
 196              		.thumb_func
 197              		.fpu fpv4-sp-d16
 199              	MX_FREERTOS_Init:
 200              	.LFB142:
 118:Src/freertos.c ****   /* USER CODE BEGIN Init */
 201              		.loc 1 118 29 is_stmt 1 view -0
 202              		.cfi_startproc
 203              		@ args = 0, pretend = 0, frame = 32
 204              		@ frame_needed = 0, uses_anonymous_args = 0
 205 0000 10B5     		push	{r4, lr}
 206              	.LCFI1:
 207              		.cfi_def_cfa_offset 8
 208              		.cfi_offset 4, -8
 209              		.cfi_offset 14, -4
 210 0002 88B0     		sub	sp, sp, #32
 211              	.LCFI2:
 212              		.cfi_def_cfa_offset 40
 141:Src/freertos.c ****   game_startHandle = osThreadCreate(osThread(game_start), NULL);
 213              		.loc 1 141 3 view .LVU30
 214 0004 0DF1040C 		add	ip, sp, #4
 215 0008 074C     		ldr	r4, .L18
 216 000a 0FCC     		ldmia	r4!, {r0, r1, r2, r3}
 217 000c ACE80F00 		stmia	ip!, {r0, r1, r2, r3}
 218 0010 94E80700 		ldm	r4, {r0, r1, r2}
ARM GAS  C:\Users\Welbot PC-3\AppData\Local\Temp\ccCGoree.s 			page 8


 219 0014 8CE80700 		stm	ip, {r0, r1, r2}
 142:Src/freertos.c **** 
 220              		.loc 1 142 3 view .LVU31
 142:Src/freertos.c **** 
 221              		.loc 1 142 22 is_stmt 0 view .LVU32
 222 0018 0021     		movs	r1, #0
 223 001a 01A8     		add	r0, sp, #4
 224 001c FFF7FEFF 		bl	osThreadCreate
 225              	.LVL5:
 142:Src/freertos.c **** 
 226              		.loc 1 142 20 view .LVU33
 227 0020 024B     		ldr	r3, .L18+4
 228 0022 1860     		str	r0, [r3]
 148:Src/freertos.c **** 
 229              		.loc 1 148 1 view .LVU34
 230 0024 08B0     		add	sp, sp, #32
 231              	.LCFI3:
 232              		.cfi_def_cfa_offset 8
 233              		@ sp needed
 234 0026 10BD     		pop	{r4, pc}
 235              	.L19:
 236              		.align	2
 237              	.L18:
 238 0028 00000000 		.word	.LANCHOR4
 239 002c 00000000 		.word	.LANCHOR5
 240              		.cfi_endproc
 241              	.LFE142:
 243              		.global	game_startHandle
 244              		.section	.rodata
 245              		.align	2
 246              		.set	.LANCHOR4,. + 0
 247              	.LC2:
 248 0000 00000000 		.word	.LC0
 249 0004 00000000 		.word	GameStartTask
 250 0008 FFFF     		.short	-1
 251 000a 0000     		.space	2
 252 000c 00000000 		.word	0
 253 0010 80000000 		.word	128
 254 0014 00000000 		.word	0
 255 0018 00000000 		.word	0
 256              		.section	.bss.game_startHandle,"aw",%nobits
 257              		.align	2
 258              		.set	.LANCHOR5,. + 0
 261              	game_startHandle:
 262 0000 00000000 		.space	4
 263              		.section	.bss.xIdleStack,"aw",%nobits
 264              		.align	2
 265              		.set	.LANCHOR1,. + 0
 268              	xIdleStack:
 269 0000 00000000 		.space	512
 269      00000000 
 269      00000000 
 269      00000000 
 269      00000000 
 270              		.section	.bss.xIdleTaskTCBBuffer,"aw",%nobits
 271              		.align	2
 272              		.set	.LANCHOR0,. + 0
ARM GAS  C:\Users\Welbot PC-3\AppData\Local\Temp\ccCGoree.s 			page 9


 275              	xIdleTaskTCBBuffer:
 276 0000 00000000 		.space	96
 276      00000000 
 276      00000000 
 276      00000000 
 276      00000000 
 277              		.section	.bss.xTimerStack,"aw",%nobits
 278              		.align	2
 279              		.set	.LANCHOR3,. + 0
 282              	xTimerStack:
 283 0000 00000000 		.space	1024
 283      00000000 
 283      00000000 
 283      00000000 
 283      00000000 
 284              		.section	.bss.xTimerTaskTCBBuffer,"aw",%nobits
 285              		.align	2
 286              		.set	.LANCHOR2,. + 0
 289              	xTimerTaskTCBBuffer:
 290 0000 00000000 		.space	96
 290      00000000 
 290      00000000 
 290      00000000 
 290      00000000 
 291              		.text
 292              	.Letext0:
 293              		.file 2 "c:\\program files (x86)\\gnu arm embedded toolchain\\10 2020-q4-major\\arm-none-eabi\\inc
 294              		.file 3 "c:\\program files (x86)\\gnu arm embedded toolchain\\10 2020-q4-major\\arm-none-eabi\\inc
 295              		.file 4 "Middlewares/Third_Party/FreeRTOS/Source/portable/GCC/ARM_CM4F/portmacro.h"
 296              		.file 5 "Middlewares/Third_Party/FreeRTOS/Source/include/FreeRTOS.h"
 297              		.file 6 "Middlewares/Third_Party/FreeRTOS/Source/include/task.h"
 298              		.file 7 "Middlewares/Third_Party/FreeRTOS/Source/CMSIS_RTOS/cmsis_os.h"
 299              		.file 8 "Inc/taskstatedisplay.h"
ARM GAS  C:\Users\Welbot PC-3\AppData\Local\Temp\ccCGoree.s 			page 10


DEFINED SYMBOLS
                            *ABS*:00000000 freertos.c
C:\Users\Welbot PC-3\AppData\Local\Temp\ccCGoree.s:15     .rodata.str1.4:00000000 $d
C:\Users\Welbot PC-3\AppData\Local\Temp\ccCGoree.s:22     .text.GameStartTask:00000000 $t
C:\Users\Welbot PC-3\AppData\Local\Temp\ccCGoree.s:30     .text.GameStartTask:00000000 GameStartTask
C:\Users\Welbot PC-3\AppData\Local\Temp\ccCGoree.s:58     .text.configureTimerForRunTimeStats:00000000 $t
C:\Users\Welbot PC-3\AppData\Local\Temp\ccCGoree.s:65     .text.configureTimerForRunTimeStats:00000000 configureTimerForRunTimeStats
C:\Users\Welbot PC-3\AppData\Local\Temp\ccCGoree.s:83     .text.configureTimerForRunTimeStats:0000000c $d
C:\Users\Welbot PC-3\AppData\Local\Temp\ccCGoree.s:88     .text.getRunTimeCounterValue:00000000 $t
C:\Users\Welbot PC-3\AppData\Local\Temp\ccCGoree.s:95     .text.getRunTimeCounterValue:00000000 getRunTimeCounterValue
C:\Users\Welbot PC-3\AppData\Local\Temp\ccCGoree.s:111    .text.getRunTimeCounterValue:00000008 $d
C:\Users\Welbot PC-3\AppData\Local\Temp\ccCGoree.s:116    .text.vApplicationGetIdleTaskMemory:00000000 $t
C:\Users\Welbot PC-3\AppData\Local\Temp\ccCGoree.s:123    .text.vApplicationGetIdleTaskMemory:00000000 vApplicationGetIdleTaskMemory
C:\Users\Welbot PC-3\AppData\Local\Temp\ccCGoree.s:148    .text.vApplicationGetIdleTaskMemory:00000010 $d
C:\Users\Welbot PC-3\AppData\Local\Temp\ccCGoree.s:154    .text.vApplicationGetTimerTaskMemory:00000000 $t
C:\Users\Welbot PC-3\AppData\Local\Temp\ccCGoree.s:161    .text.vApplicationGetTimerTaskMemory:00000000 vApplicationGetTimerTaskMemory
C:\Users\Welbot PC-3\AppData\Local\Temp\ccCGoree.s:186    .text.vApplicationGetTimerTaskMemory:00000010 $d
C:\Users\Welbot PC-3\AppData\Local\Temp\ccCGoree.s:192    .text.MX_FREERTOS_Init:00000000 $t
C:\Users\Welbot PC-3\AppData\Local\Temp\ccCGoree.s:199    .text.MX_FREERTOS_Init:00000000 MX_FREERTOS_Init
C:\Users\Welbot PC-3\AppData\Local\Temp\ccCGoree.s:238    .text.MX_FREERTOS_Init:00000028 $d
C:\Users\Welbot PC-3\AppData\Local\Temp\ccCGoree.s:261    .bss.game_startHandle:00000000 game_startHandle
C:\Users\Welbot PC-3\AppData\Local\Temp\ccCGoree.s:245    .rodata:00000000 $d
C:\Users\Welbot PC-3\AppData\Local\Temp\ccCGoree.s:257    .bss.game_startHandle:00000000 $d
C:\Users\Welbot PC-3\AppData\Local\Temp\ccCGoree.s:264    .bss.xIdleStack:00000000 $d
C:\Users\Welbot PC-3\AppData\Local\Temp\ccCGoree.s:268    .bss.xIdleStack:00000000 xIdleStack
C:\Users\Welbot PC-3\AppData\Local\Temp\ccCGoree.s:271    .bss.xIdleTaskTCBBuffer:00000000 $d
C:\Users\Welbot PC-3\AppData\Local\Temp\ccCGoree.s:275    .bss.xIdleTaskTCBBuffer:00000000 xIdleTaskTCBBuffer
C:\Users\Welbot PC-3\AppData\Local\Temp\ccCGoree.s:278    .bss.xTimerStack:00000000 $d
C:\Users\Welbot PC-3\AppData\Local\Temp\ccCGoree.s:282    .bss.xTimerStack:00000000 xTimerStack
C:\Users\Welbot PC-3\AppData\Local\Temp\ccCGoree.s:285    .bss.xTimerTaskTCBBuffer:00000000 $d
C:\Users\Welbot PC-3\AppData\Local\Temp\ccCGoree.s:289    .bss.xTimerTaskTCBBuffer:00000000 xTimerTaskTCBBuffer

UNDEFINED SYMBOLS
osDelay
FreeRTOSRunTimeTicks
osThreadCreate
