ARM GAS  C:\Users\Welbot PC-3\AppData\Local\Temp\cc8oCQFX.s 			page 1


   1              		.cpu cortex-m4
   2              		.eabi_attribute 27, 1
   3              		.eabi_attribute 28, 1
   4              		.eabi_attribute 20, 1
   5              		.eabi_attribute 21, 1
   6              		.eabi_attribute 23, 3
   7              		.eabi_attribute 24, 1
   8              		.eabi_attribute 25, 1
   9              		.eabi_attribute 26, 1
  10              		.eabi_attribute 30, 1
  11              		.eabi_attribute 34, 1
  12              		.eabi_attribute 18, 4
  13              		.file	"gpio.c"
  14              		.text
  15              	.Ltext0:
  16              		.cfi_sections	.debug_frame
  17              		.section	.text.MX_GPIO_Init,"ax",%progbits
  18              		.align	1
  19              		.global	MX_GPIO_Init
  20              		.arch armv7e-m
  21              		.syntax unified
  22              		.thumb
  23              		.thumb_func
  24              		.fpu fpv4-sp-d16
  26              	MX_GPIO_Init:
  27              	.LFB138:
  28              		.file 1 "Src/gpio.c"
   1:Src/gpio.c    **** /**
   2:Src/gpio.c    ****   ******************************************************************************
   3:Src/gpio.c    ****   * @file    gpio.c
   4:Src/gpio.c    ****   * @brief   This file provides code for the configuration
   5:Src/gpio.c    ****   *          of all used GPIO pins.
   6:Src/gpio.c    ****   ******************************************************************************
   7:Src/gpio.c    ****   * @attention
   8:Src/gpio.c    ****   *
   9:Src/gpio.c    ****   * <h2><center>&copy; Copyright (c) 2021 STMicroelectronics.
  10:Src/gpio.c    ****   * All rights reserved.</center></h2>
  11:Src/gpio.c    ****   *
  12:Src/gpio.c    ****   * This software component is licensed by ST under Ultimate Liberty license
  13:Src/gpio.c    ****   * SLA0044, the "License"; You may not use this file except in compliance with
  14:Src/gpio.c    ****   * the License. You may obtain a copy of the License at:
  15:Src/gpio.c    ****   *                             www.st.com/SLA0044
  16:Src/gpio.c    ****   *
  17:Src/gpio.c    ****   ******************************************************************************
  18:Src/gpio.c    ****   */
  19:Src/gpio.c    **** 
  20:Src/gpio.c    **** /* Includes ------------------------------------------------------------------*/
  21:Src/gpio.c    **** #include "gpio.h"
  22:Src/gpio.c    **** 
  23:Src/gpio.c    **** /* USER CODE BEGIN 0 */
  24:Src/gpio.c    **** 
  25:Src/gpio.c    **** /* USER CODE END 0 */
  26:Src/gpio.c    **** 
  27:Src/gpio.c    **** /*----------------------------------------------------------------------------*/
  28:Src/gpio.c    **** /* Configure GPIO                                                             */
  29:Src/gpio.c    **** /*----------------------------------------------------------------------------*/
  30:Src/gpio.c    **** /* USER CODE BEGIN 1 */
ARM GAS  C:\Users\Welbot PC-3\AppData\Local\Temp\cc8oCQFX.s 			page 2


  31:Src/gpio.c    **** 
  32:Src/gpio.c    **** /* USER CODE END 1 */
  33:Src/gpio.c    **** 
  34:Src/gpio.c    **** /** Configure pins as
  35:Src/gpio.c    ****         * Analog
  36:Src/gpio.c    ****         * Input
  37:Src/gpio.c    ****         * Output
  38:Src/gpio.c    ****         * EVENT_OUT
  39:Src/gpio.c    ****         * EXTI
  40:Src/gpio.c    **** */
  41:Src/gpio.c    **** void MX_GPIO_Init(void)
  42:Src/gpio.c    **** {
  29              		.loc 1 42 1 view -0
  30              		.cfi_startproc
  31              		@ args = 0, pretend = 0, frame = 48
  32              		@ frame_needed = 0, uses_anonymous_args = 0
  33 0000 2DE9F047 		push	{r4, r5, r6, r7, r8, r9, r10, lr}
  34              	.LCFI0:
  35              		.cfi_def_cfa_offset 32
  36              		.cfi_offset 4, -32
  37              		.cfi_offset 5, -28
  38              		.cfi_offset 6, -24
  39              		.cfi_offset 7, -20
  40              		.cfi_offset 8, -16
  41              		.cfi_offset 9, -12
  42              		.cfi_offset 10, -8
  43              		.cfi_offset 14, -4
  44 0004 8CB0     		sub	sp, sp, #48
  45              	.LCFI1:
  46              		.cfi_def_cfa_offset 80
  43:Src/gpio.c    **** 
  44:Src/gpio.c    ****   GPIO_InitTypeDef GPIO_InitStruct = {0};
  47              		.loc 1 44 3 view .LVU1
  48              		.loc 1 44 20 is_stmt 0 view .LVU2
  49 0006 0024     		movs	r4, #0
  50 0008 0794     		str	r4, [sp, #28]
  51 000a 0894     		str	r4, [sp, #32]
  52 000c 0994     		str	r4, [sp, #36]
  53 000e 0A94     		str	r4, [sp, #40]
  54 0010 0B94     		str	r4, [sp, #44]
  45:Src/gpio.c    **** 
  46:Src/gpio.c    ****   /* GPIO Ports Clock Enable */
  47:Src/gpio.c    ****   __HAL_RCC_GPIOE_CLK_ENABLE();
  55              		.loc 1 47 3 is_stmt 1 view .LVU3
  56              	.LBB2:
  57              		.loc 1 47 3 view .LVU4
  58 0012 0194     		str	r4, [sp, #4]
  59              		.loc 1 47 3 view .LVU5
  60 0014 474B     		ldr	r3, .L3
  61 0016 1A6B     		ldr	r2, [r3, #48]
  62 0018 42F01002 		orr	r2, r2, #16
  63 001c 1A63     		str	r2, [r3, #48]
  64              		.loc 1 47 3 view .LVU6
  65 001e 1A6B     		ldr	r2, [r3, #48]
  66 0020 02F01002 		and	r2, r2, #16
  67 0024 0192     		str	r2, [sp, #4]
  68              		.loc 1 47 3 view .LVU7
ARM GAS  C:\Users\Welbot PC-3\AppData\Local\Temp\cc8oCQFX.s 			page 3


  69 0026 019A     		ldr	r2, [sp, #4]
  70              	.LBE2:
  71              		.loc 1 47 3 view .LVU8
  48:Src/gpio.c    ****   __HAL_RCC_GPIOC_CLK_ENABLE();
  72              		.loc 1 48 3 view .LVU9
  73              	.LBB3:
  74              		.loc 1 48 3 view .LVU10
  75 0028 0294     		str	r4, [sp, #8]
  76              		.loc 1 48 3 view .LVU11
  77 002a 1A6B     		ldr	r2, [r3, #48]
  78 002c 42F00402 		orr	r2, r2, #4
  79 0030 1A63     		str	r2, [r3, #48]
  80              		.loc 1 48 3 view .LVU12
  81 0032 1A6B     		ldr	r2, [r3, #48]
  82 0034 02F00402 		and	r2, r2, #4
  83 0038 0292     		str	r2, [sp, #8]
  84              		.loc 1 48 3 view .LVU13
  85 003a 029A     		ldr	r2, [sp, #8]
  86              	.LBE3:
  87              		.loc 1 48 3 view .LVU14
  49:Src/gpio.c    ****   __HAL_RCC_GPIOH_CLK_ENABLE();
  88              		.loc 1 49 3 view .LVU15
  89              	.LBB4:
  90              		.loc 1 49 3 view .LVU16
  91 003c 0394     		str	r4, [sp, #12]
  92              		.loc 1 49 3 view .LVU17
  93 003e 1A6B     		ldr	r2, [r3, #48]
  94 0040 42F08002 		orr	r2, r2, #128
  95 0044 1A63     		str	r2, [r3, #48]
  96              		.loc 1 49 3 view .LVU18
  97 0046 1A6B     		ldr	r2, [r3, #48]
  98 0048 02F08002 		and	r2, r2, #128
  99 004c 0392     		str	r2, [sp, #12]
 100              		.loc 1 49 3 view .LVU19
 101 004e 039A     		ldr	r2, [sp, #12]
 102              	.LBE4:
 103              		.loc 1 49 3 view .LVU20
  50:Src/gpio.c    ****   __HAL_RCC_GPIOA_CLK_ENABLE();
 104              		.loc 1 50 3 view .LVU21
 105              	.LBB5:
 106              		.loc 1 50 3 view .LVU22
 107 0050 0494     		str	r4, [sp, #16]
 108              		.loc 1 50 3 view .LVU23
 109 0052 1A6B     		ldr	r2, [r3, #48]
 110 0054 42F00102 		orr	r2, r2, #1
 111 0058 1A63     		str	r2, [r3, #48]
 112              		.loc 1 50 3 view .LVU24
 113 005a 1A6B     		ldr	r2, [r3, #48]
 114 005c 02F00102 		and	r2, r2, #1
 115 0060 0492     		str	r2, [sp, #16]
 116              		.loc 1 50 3 view .LVU25
 117 0062 049A     		ldr	r2, [sp, #16]
 118              	.LBE5:
 119              		.loc 1 50 3 view .LVU26
  51:Src/gpio.c    ****   __HAL_RCC_GPIOB_CLK_ENABLE();
 120              		.loc 1 51 3 view .LVU27
 121              	.LBB6:
ARM GAS  C:\Users\Welbot PC-3\AppData\Local\Temp\cc8oCQFX.s 			page 4


 122              		.loc 1 51 3 view .LVU28
 123 0064 0594     		str	r4, [sp, #20]
 124              		.loc 1 51 3 view .LVU29
 125 0066 1A6B     		ldr	r2, [r3, #48]
 126 0068 42F00202 		orr	r2, r2, #2
 127 006c 1A63     		str	r2, [r3, #48]
 128              		.loc 1 51 3 view .LVU30
 129 006e 1A6B     		ldr	r2, [r3, #48]
 130 0070 02F00202 		and	r2, r2, #2
 131 0074 0592     		str	r2, [sp, #20]
 132              		.loc 1 51 3 view .LVU31
 133 0076 059A     		ldr	r2, [sp, #20]
 134              	.LBE6:
 135              		.loc 1 51 3 view .LVU32
  52:Src/gpio.c    ****   __HAL_RCC_GPIOD_CLK_ENABLE();
 136              		.loc 1 52 3 view .LVU33
 137              	.LBB7:
 138              		.loc 1 52 3 view .LVU34
 139 0078 0694     		str	r4, [sp, #24]
 140              		.loc 1 52 3 view .LVU35
 141 007a 1A6B     		ldr	r2, [r3, #48]
 142 007c 42F00802 		orr	r2, r2, #8
 143 0080 1A63     		str	r2, [r3, #48]
 144              		.loc 1 52 3 view .LVU36
 145 0082 1B6B     		ldr	r3, [r3, #48]
 146 0084 03F00803 		and	r3, r3, #8
 147 0088 0693     		str	r3, [sp, #24]
 148              		.loc 1 52 3 view .LVU37
 149 008a 069B     		ldr	r3, [sp, #24]
 150              	.LBE7:
 151              		.loc 1 52 3 view .LVU38
  53:Src/gpio.c    **** 
  54:Src/gpio.c    ****   /*Configure GPIO pin Output Level */
  55:Src/gpio.c    ****   HAL_GPIO_WritePin(ValveSwitch_GPIO_Port, ValveSwitch_Pin, GPIO_PIN_RESET);
 152              		.loc 1 55 3 view .LVU39
 153 008c DFF8ACA0 		ldr	r10, .L3+8
 154 0090 2246     		mov	r2, r4
 155 0092 0821     		movs	r1, #8
 156 0094 5046     		mov	r0, r10
 157 0096 FFF7FEFF 		bl	HAL_GPIO_WritePin
 158              	.LVL0:
  56:Src/gpio.c    **** 
  57:Src/gpio.c    ****   /*Configure GPIO pin Output Level */
  58:Src/gpio.c    ****   HAL_GPIO_WritePin(GPIOC, LEDR_Pin|LEDG_Pin|LEDB_Pin|LEDY_Pin, GPIO_PIN_SET);
 159              		.loc 1 58 3 view .LVU40
 160 009a 274F     		ldr	r7, .L3+4
 161 009c 0122     		movs	r2, #1
 162 009e 0F21     		movs	r1, #15
 163 00a0 3846     		mov	r0, r7
 164 00a2 FFF7FEFF 		bl	HAL_GPIO_WritePin
 165              	.LVL1:
  59:Src/gpio.c    **** 
  60:Src/gpio.c    ****   /*Configure GPIO pin Output Level */
  61:Src/gpio.c    ****   HAL_GPIO_WritePin(GPIOA, PutterIn1_Pin|PutterIn2_Pin, GPIO_PIN_RESET);
 166              		.loc 1 61 3 view .LVU41
 167 00a6 DFF89890 		ldr	r9, .L3+12
 168 00aa 2246     		mov	r2, r4
ARM GAS  C:\Users\Welbot PC-3\AppData\Local\Temp\cc8oCQFX.s 			page 5


 169 00ac 0321     		movs	r1, #3
 170 00ae 4846     		mov	r0, r9
 171 00b0 FFF7FEFF 		bl	HAL_GPIO_WritePin
 172              	.LVL2:
  62:Src/gpio.c    **** 
  63:Src/gpio.c    ****   /*Configure GPIO pin Output Level */
  64:Src/gpio.c    ****   HAL_GPIO_WritePin(GPIOC, RollerSwitch_Pin|PropLSwitch_Pin|PropRSwitch_Pin, GPIO_PIN_RESET);
 173              		.loc 1 64 3 view .LVU42
 174 00b4 2246     		mov	r2, r4
 175 00b6 7021     		movs	r1, #112
 176 00b8 3846     		mov	r0, r7
 177 00ba FFF7FEFF 		bl	HAL_GPIO_WritePin
 178              	.LVL3:
  65:Src/gpio.c    **** 
  66:Src/gpio.c    ****   /*Configure GPIO pin Output Level */
  67:Src/gpio.c    ****   HAL_GPIO_WritePin(GPIOB, Left_Dir_Pin|Right_Dir_Pin, GPIO_PIN_RESET);
 179              		.loc 1 67 3 view .LVU43
 180 00be DFF88480 		ldr	r8, .L3+16
 181 00c2 2246     		mov	r2, r4
 182 00c4 4FF4C041 		mov	r1, #24576
 183 00c8 4046     		mov	r0, r8
 184 00ca FFF7FEFF 		bl	HAL_GPIO_WritePin
 185              	.LVL4:
  68:Src/gpio.c    **** 
  69:Src/gpio.c    ****   /*Configure GPIO pin : PtPin */
  70:Src/gpio.c    ****   GPIO_InitStruct.Pin = ValveSwitch_Pin;
 186              		.loc 1 70 3 view .LVU44
 187              		.loc 1 70 23 is_stmt 0 view .LVU45
 188 00ce 0823     		movs	r3, #8
 189 00d0 0793     		str	r3, [sp, #28]
  71:Src/gpio.c    ****   GPIO_InitStruct.Mode = GPIO_MODE_OUTPUT_PP;
 190              		.loc 1 71 3 is_stmt 1 view .LVU46
 191              		.loc 1 71 24 is_stmt 0 view .LVU47
 192 00d2 0125     		movs	r5, #1
 193 00d4 0895     		str	r5, [sp, #32]
  72:Src/gpio.c    ****   GPIO_InitStruct.Pull = GPIO_PULLDOWN;
 194              		.loc 1 72 3 is_stmt 1 view .LVU48
 195              		.loc 1 72 24 is_stmt 0 view .LVU49
 196 00d6 0226     		movs	r6, #2
 197 00d8 0996     		str	r6, [sp, #36]
  73:Src/gpio.c    ****   GPIO_InitStruct.Speed = GPIO_SPEED_FREQ_LOW;
 198              		.loc 1 73 3 is_stmt 1 view .LVU50
 199              		.loc 1 73 25 is_stmt 0 view .LVU51
 200 00da 0A94     		str	r4, [sp, #40]
  74:Src/gpio.c    ****   HAL_GPIO_Init(ValveSwitch_GPIO_Port, &GPIO_InitStruct);
 201              		.loc 1 74 3 is_stmt 1 view .LVU52
 202 00dc 07A9     		add	r1, sp, #28
 203 00de 5046     		mov	r0, r10
 204 00e0 FFF7FEFF 		bl	HAL_GPIO_Init
 205              	.LVL5:
  75:Src/gpio.c    **** 
  76:Src/gpio.c    ****   /*Configure GPIO pins : PCPin PCPin PCPin PCPin */
  77:Src/gpio.c    ****   GPIO_InitStruct.Pin = LEDR_Pin|LEDG_Pin|LEDB_Pin|LEDY_Pin;
 206              		.loc 1 77 3 view .LVU53
 207              		.loc 1 77 23 is_stmt 0 view .LVU54
 208 00e4 0F23     		movs	r3, #15
 209 00e6 0793     		str	r3, [sp, #28]
ARM GAS  C:\Users\Welbot PC-3\AppData\Local\Temp\cc8oCQFX.s 			page 6


  78:Src/gpio.c    ****   GPIO_InitStruct.Mode = GPIO_MODE_OUTPUT_PP;
 210              		.loc 1 78 3 is_stmt 1 view .LVU55
 211              		.loc 1 78 24 is_stmt 0 view .LVU56
 212 00e8 0895     		str	r5, [sp, #32]
  79:Src/gpio.c    ****   GPIO_InitStruct.Pull = GPIO_PULLUP;
 213              		.loc 1 79 3 is_stmt 1 view .LVU57
 214              		.loc 1 79 24 is_stmt 0 view .LVU58
 215 00ea 0995     		str	r5, [sp, #36]
  80:Src/gpio.c    ****   GPIO_InitStruct.Speed = GPIO_SPEED_FREQ_LOW;
 216              		.loc 1 80 3 is_stmt 1 view .LVU59
 217              		.loc 1 80 25 is_stmt 0 view .LVU60
 218 00ec 0A94     		str	r4, [sp, #40]
  81:Src/gpio.c    ****   HAL_GPIO_Init(GPIOC, &GPIO_InitStruct);
 219              		.loc 1 81 3 is_stmt 1 view .LVU61
 220 00ee 07A9     		add	r1, sp, #28
 221 00f0 3846     		mov	r0, r7
 222 00f2 FFF7FEFF 		bl	HAL_GPIO_Init
 223              	.LVL6:
  82:Src/gpio.c    **** 
  83:Src/gpio.c    ****   /*Configure GPIO pins : PAPin PAPin */
  84:Src/gpio.c    ****   GPIO_InitStruct.Pin = PutterIn1_Pin|PutterIn2_Pin;
 224              		.loc 1 84 3 view .LVU62
 225              		.loc 1 84 23 is_stmt 0 view .LVU63
 226 00f6 0323     		movs	r3, #3
 227 00f8 0793     		str	r3, [sp, #28]
  85:Src/gpio.c    ****   GPIO_InitStruct.Mode = GPIO_MODE_OUTPUT_PP;
 228              		.loc 1 85 3 is_stmt 1 view .LVU64
 229              		.loc 1 85 24 is_stmt 0 view .LVU65
 230 00fa 0895     		str	r5, [sp, #32]
  86:Src/gpio.c    ****   GPIO_InitStruct.Pull = GPIO_PULLDOWN;
 231              		.loc 1 86 3 is_stmt 1 view .LVU66
 232              		.loc 1 86 24 is_stmt 0 view .LVU67
 233 00fc 0996     		str	r6, [sp, #36]
  87:Src/gpio.c    ****   GPIO_InitStruct.Speed = GPIO_SPEED_FREQ_LOW;
 234              		.loc 1 87 3 is_stmt 1 view .LVU68
 235              		.loc 1 87 25 is_stmt 0 view .LVU69
 236 00fe 0A94     		str	r4, [sp, #40]
  88:Src/gpio.c    ****   HAL_GPIO_Init(GPIOA, &GPIO_InitStruct);
 237              		.loc 1 88 3 is_stmt 1 view .LVU70
 238 0100 07A9     		add	r1, sp, #28
 239 0102 4846     		mov	r0, r9
 240 0104 FFF7FEFF 		bl	HAL_GPIO_Init
 241              	.LVL7:
  89:Src/gpio.c    **** 
  90:Src/gpio.c    ****   /*Configure GPIO pins : PCPin PCPin PCPin */
  91:Src/gpio.c    ****   GPIO_InitStruct.Pin = RollerSwitch_Pin|PropLSwitch_Pin|PropRSwitch_Pin;
 242              		.loc 1 91 3 view .LVU71
 243              		.loc 1 91 23 is_stmt 0 view .LVU72
 244 0108 7023     		movs	r3, #112
 245 010a 0793     		str	r3, [sp, #28]
  92:Src/gpio.c    ****   GPIO_InitStruct.Mode = GPIO_MODE_OUTPUT_PP;
 246              		.loc 1 92 3 is_stmt 1 view .LVU73
 247              		.loc 1 92 24 is_stmt 0 view .LVU74
 248 010c 0895     		str	r5, [sp, #32]
  93:Src/gpio.c    ****   GPIO_InitStruct.Pull = GPIO_PULLDOWN;
 249              		.loc 1 93 3 is_stmt 1 view .LVU75
 250              		.loc 1 93 24 is_stmt 0 view .LVU76
ARM GAS  C:\Users\Welbot PC-3\AppData\Local\Temp\cc8oCQFX.s 			page 7


 251 010e 0996     		str	r6, [sp, #36]
  94:Src/gpio.c    ****   GPIO_InitStruct.Speed = GPIO_SPEED_FREQ_LOW;
 252              		.loc 1 94 3 is_stmt 1 view .LVU77
 253              		.loc 1 94 25 is_stmt 0 view .LVU78
 254 0110 0A94     		str	r4, [sp, #40]
  95:Src/gpio.c    ****   HAL_GPIO_Init(GPIOC, &GPIO_InitStruct);
 255              		.loc 1 95 3 is_stmt 1 view .LVU79
 256 0112 07A9     		add	r1, sp, #28
 257 0114 3846     		mov	r0, r7
 258 0116 FFF7FEFF 		bl	HAL_GPIO_Init
 259              	.LVL8:
  96:Src/gpio.c    **** 
  97:Src/gpio.c    ****   /*Configure GPIO pins : PBPin PBPin */
  98:Src/gpio.c    ****   GPIO_InitStruct.Pin = Left_Dir_Pin|Right_Dir_Pin;
 260              		.loc 1 98 3 view .LVU80
 261              		.loc 1 98 23 is_stmt 0 view .LVU81
 262 011a 4FF4C043 		mov	r3, #24576
 263 011e 0793     		str	r3, [sp, #28]
  99:Src/gpio.c    ****   GPIO_InitStruct.Mode = GPIO_MODE_OUTPUT_PP;
 264              		.loc 1 99 3 is_stmt 1 view .LVU82
 265              		.loc 1 99 24 is_stmt 0 view .LVU83
 266 0120 0895     		str	r5, [sp, #32]
 100:Src/gpio.c    ****   GPIO_InitStruct.Pull = GPIO_PULLDOWN;
 267              		.loc 1 100 3 is_stmt 1 view .LVU84
 268              		.loc 1 100 24 is_stmt 0 view .LVU85
 269 0122 0996     		str	r6, [sp, #36]
 101:Src/gpio.c    ****   GPIO_InitStruct.Speed = GPIO_SPEED_FREQ_LOW;
 270              		.loc 1 101 3 is_stmt 1 view .LVU86
 271              		.loc 1 101 25 is_stmt 0 view .LVU87
 272 0124 0A94     		str	r4, [sp, #40]
 102:Src/gpio.c    ****   HAL_GPIO_Init(GPIOB, &GPIO_InitStruct);
 273              		.loc 1 102 3 is_stmt 1 view .LVU88
 274 0126 07A9     		add	r1, sp, #28
 275 0128 4046     		mov	r0, r8
 276 012a FFF7FEFF 		bl	HAL_GPIO_Init
 277              	.LVL9:
 103:Src/gpio.c    **** 
 104:Src/gpio.c    **** }
 278              		.loc 1 104 1 is_stmt 0 view .LVU89
 279 012e 0CB0     		add	sp, sp, #48
 280              	.LCFI2:
 281              		.cfi_def_cfa_offset 32
 282              		@ sp needed
 283 0130 BDE8F087 		pop	{r4, r5, r6, r7, r8, r9, r10, pc}
 284              	.L4:
 285              		.align	2
 286              	.L3:
 287 0134 00380240 		.word	1073887232
 288 0138 00080240 		.word	1073874944
 289 013c 00100240 		.word	1073876992
 290 0140 00000240 		.word	1073872896
 291 0144 00040240 		.word	1073873920
 292              		.cfi_endproc
 293              	.LFE138:
 295              		.text
 296              	.Letext0:
 297              		.file 2 "c:\\program files (x86)\\gnu arm embedded toolchain\\10 2020-q4-major\\arm-none-eabi\\inc
ARM GAS  C:\Users\Welbot PC-3\AppData\Local\Temp\cc8oCQFX.s 			page 8


 298              		.file 3 "c:\\program files (x86)\\gnu arm embedded toolchain\\10 2020-q4-major\\arm-none-eabi\\inc
 299              		.file 4 "Drivers/CMSIS/Device/ST/STM32F4xx/Include/stm32f407xx.h"
 300              		.file 5 "Drivers/STM32F4xx_HAL_Driver/Inc/stm32f4xx_hal_gpio.h"
ARM GAS  C:\Users\Welbot PC-3\AppData\Local\Temp\cc8oCQFX.s 			page 9


DEFINED SYMBOLS
                            *ABS*:00000000 gpio.c
C:\Users\Welbot PC-3\AppData\Local\Temp\cc8oCQFX.s:18     .text.MX_GPIO_Init:00000000 $t
C:\Users\Welbot PC-3\AppData\Local\Temp\cc8oCQFX.s:26     .text.MX_GPIO_Init:00000000 MX_GPIO_Init
C:\Users\Welbot PC-3\AppData\Local\Temp\cc8oCQFX.s:287    .text.MX_GPIO_Init:00000134 $d

UNDEFINED SYMBOLS
HAL_GPIO_WritePin
HAL_GPIO_Init
