ARM GAS  C:\Users\Welbot PC-3\AppData\Local\Temp\cc15AWp0.s 			page 1


   1              		.cpu cortex-m4
   2              		.eabi_attribute 27, 1
   3              		.eabi_attribute 28, 1
   4              		.eabi_attribute 20, 1
   5              		.eabi_attribute 21, 1
   6              		.eabi_attribute 23, 3
   7              		.eabi_attribute 24, 1
   8              		.eabi_attribute 25, 1
   9              		.eabi_attribute 26, 1
  10              		.eabi_attribute 30, 1
  11              		.eabi_attribute 34, 1
  12              		.eabi_attribute 18, 4
  13              		.file	"stm32f4xx_it.c"
  14              		.text
  15              	.Ltext0:
  16              		.cfi_sections	.debug_frame
  17              		.section	.text.NMI_Handler,"ax",%progbits
  18              		.align	1
  19              		.global	NMI_Handler
  20              		.arch armv7e-m
  21              		.syntax unified
  22              		.thumb
  23              		.thumb_func
  24              		.fpu fpv4-sp-d16
  26              	NMI_Handler:
  27              	.LFB138:
  28              		.file 1 "Src/stm32f4xx_it.c"
   1:Src/stm32f4xx_it.c **** /* USER CODE BEGIN Header */
   2:Src/stm32f4xx_it.c **** /**
   3:Src/stm32f4xx_it.c ****   ******************************************************************************
   4:Src/stm32f4xx_it.c ****   * @file    stm32f4xx_it.c
   5:Src/stm32f4xx_it.c ****   * @brief   Interrupt Service Routines.
   6:Src/stm32f4xx_it.c ****   ******************************************************************************
   7:Src/stm32f4xx_it.c ****   * @attention
   8:Src/stm32f4xx_it.c ****   *
   9:Src/stm32f4xx_it.c ****   * <h2><center>&copy; Copyright (c) 2021 STMicroelectronics.
  10:Src/stm32f4xx_it.c ****   * All rights reserved.</center></h2>
  11:Src/stm32f4xx_it.c ****   *
  12:Src/stm32f4xx_it.c ****   * This software component is licensed by ST under Ultimate Liberty license
  13:Src/stm32f4xx_it.c ****   * SLA0044, the "License"; You may not use this file except in compliance with
  14:Src/stm32f4xx_it.c ****   * the License. You may obtain a copy of the License at:
  15:Src/stm32f4xx_it.c ****   *                             www.st.com/SLA0044
  16:Src/stm32f4xx_it.c ****   *
  17:Src/stm32f4xx_it.c ****   ******************************************************************************
  18:Src/stm32f4xx_it.c ****   */
  19:Src/stm32f4xx_it.c **** /* USER CODE END Header */
  20:Src/stm32f4xx_it.c **** 
  21:Src/stm32f4xx_it.c **** /* Includes ------------------------------------------------------------------*/
  22:Src/stm32f4xx_it.c **** #include "main.h"
  23:Src/stm32f4xx_it.c **** #include "stm32f4xx_it.h"
  24:Src/stm32f4xx_it.c **** /* Private includes ----------------------------------------------------------*/
  25:Src/stm32f4xx_it.c **** /* USER CODE BEGIN Includes */
  26:Src/stm32f4xx_it.c **** #include "usart.h"
  27:Src/stm32f4xx_it.c **** #include "stdio.h"
  28:Src/stm32f4xx_it.c **** #include "stdint.h"
  29:Src/stm32f4xx_it.c **** #include "remoter.h"
  30:Src/stm32f4xx_it.c **** #include "imu.h"
ARM GAS  C:\Users\Welbot PC-3\AppData\Local\Temp\cc15AWp0.s 			page 2


  31:Src/stm32f4xx_it.c **** /* USER CODE END Includes */
  32:Src/stm32f4xx_it.c **** 
  33:Src/stm32f4xx_it.c **** /* Private typedef -----------------------------------------------------------*/
  34:Src/stm32f4xx_it.c **** /* USER CODE BEGIN TD */
  35:Src/stm32f4xx_it.c **** 
  36:Src/stm32f4xx_it.c **** /* USER CODE END TD */
  37:Src/stm32f4xx_it.c **** 
  38:Src/stm32f4xx_it.c **** /* Private define ------------------------------------------------------------*/
  39:Src/stm32f4xx_it.c **** /* USER CODE BEGIN PD */
  40:Src/stm32f4xx_it.c **** 
  41:Src/stm32f4xx_it.c **** /* USER CODE END PD */
  42:Src/stm32f4xx_it.c **** 
  43:Src/stm32f4xx_it.c **** /* Private macro -------------------------------------------------------------*/
  44:Src/stm32f4xx_it.c **** /* USER CODE BEGIN PM */
  45:Src/stm32f4xx_it.c **** 
  46:Src/stm32f4xx_it.c **** /* USER CODE END PM */
  47:Src/stm32f4xx_it.c **** 
  48:Src/stm32f4xx_it.c **** /* Private variables ---------------------------------------------------------*/
  49:Src/stm32f4xx_it.c **** /* USER CODE BEGIN PV */
  50:Src/stm32f4xx_it.c **** 
  51:Src/stm32f4xx_it.c **** /* USER CODE END PV */
  52:Src/stm32f4xx_it.c **** 
  53:Src/stm32f4xx_it.c **** /* Private function prototypes -----------------------------------------------*/
  54:Src/stm32f4xx_it.c **** /* USER CODE BEGIN PFP */
  55:Src/stm32f4xx_it.c **** 
  56:Src/stm32f4xx_it.c **** /* USER CODE END PFP */
  57:Src/stm32f4xx_it.c **** 
  58:Src/stm32f4xx_it.c **** /* Private user code ---------------------------------------------------------*/
  59:Src/stm32f4xx_it.c **** /* USER CODE BEGIN 0 */
  60:Src/stm32f4xx_it.c **** 
  61:Src/stm32f4xx_it.c **** /* USER CODE END 0 */
  62:Src/stm32f4xx_it.c **** 
  63:Src/stm32f4xx_it.c **** /* External variables --------------------------------------------------------*/
  64:Src/stm32f4xx_it.c **** extern DMA_HandleTypeDef hdma_uart4_rx;
  65:Src/stm32f4xx_it.c **** extern DMA_HandleTypeDef hdma_usart3_rx;
  66:Src/stm32f4xx_it.c **** extern UART_HandleTypeDef huart4;
  67:Src/stm32f4xx_it.c **** extern UART_HandleTypeDef huart3;
  68:Src/stm32f4xx_it.c **** extern TIM_HandleTypeDef htim1;
  69:Src/stm32f4xx_it.c **** 
  70:Src/stm32f4xx_it.c **** /* USER CODE BEGIN EV */
  71:Src/stm32f4xx_it.c **** 
  72:Src/stm32f4xx_it.c **** // extern uint8_t Uart3_Rx_Len, Uart3_Rx_End_Flag;
  73:Src/stm32f4xx_it.c **** /* USER CODE END EV */
  74:Src/stm32f4xx_it.c **** 
  75:Src/stm32f4xx_it.c **** /******************************************************************************/
  76:Src/stm32f4xx_it.c **** /*           Cortex-M4 Processor Interruption and Exception Handlers          */
  77:Src/stm32f4xx_it.c **** /******************************************************************************/
  78:Src/stm32f4xx_it.c **** /**
  79:Src/stm32f4xx_it.c ****   * @brief This function handles Non maskable interrupt.
  80:Src/stm32f4xx_it.c ****   */
  81:Src/stm32f4xx_it.c **** void NMI_Handler(void)
  82:Src/stm32f4xx_it.c **** {
  29              		.loc 1 82 1 view -0
  30              		.cfi_startproc
  31              		@ Volatile: function does not return.
  32              		@ args = 0, pretend = 0, frame = 0
  33              		@ frame_needed = 0, uses_anonymous_args = 0
ARM GAS  C:\Users\Welbot PC-3\AppData\Local\Temp\cc15AWp0.s 			page 3


  34              		@ link register save eliminated.
  35              	.L2:
  83:Src/stm32f4xx_it.c ****   /* USER CODE BEGIN NonMaskableInt_IRQn 0 */
  84:Src/stm32f4xx_it.c **** 
  85:Src/stm32f4xx_it.c ****   /* USER CODE END NonMaskableInt_IRQn 0 */
  86:Src/stm32f4xx_it.c ****   /* USER CODE BEGIN NonMaskableInt_IRQn 1 */
  87:Src/stm32f4xx_it.c ****   while (1)
  36              		.loc 1 87 3 discriminator 1 view .LVU1
  88:Src/stm32f4xx_it.c ****   {
  89:Src/stm32f4xx_it.c ****   }
  37              		.loc 1 89 3 discriminator 1 view .LVU2
  87:Src/stm32f4xx_it.c ****   {
  38              		.loc 1 87 9 discriminator 1 view .LVU3
  39 0000 FEE7     		b	.L2
  40              		.cfi_endproc
  41              	.LFE138:
  43              		.section	.text.HardFault_Handler,"ax",%progbits
  44              		.align	1
  45              		.global	HardFault_Handler
  46              		.syntax unified
  47              		.thumb
  48              		.thumb_func
  49              		.fpu fpv4-sp-d16
  51              	HardFault_Handler:
  52              	.LFB139:
  90:Src/stm32f4xx_it.c ****   /* USER CODE END NonMaskableInt_IRQn 1 */
  91:Src/stm32f4xx_it.c **** }
  92:Src/stm32f4xx_it.c **** 
  93:Src/stm32f4xx_it.c **** /**
  94:Src/stm32f4xx_it.c ****   * @brief This function handles Hard fault interrupt.
  95:Src/stm32f4xx_it.c ****   */
  96:Src/stm32f4xx_it.c **** void HardFault_Handler(void)
  97:Src/stm32f4xx_it.c **** {
  53              		.loc 1 97 1 view -0
  54              		.cfi_startproc
  55              		@ Volatile: function does not return.
  56              		@ args = 0, pretend = 0, frame = 0
  57              		@ frame_needed = 0, uses_anonymous_args = 0
  58              		@ link register save eliminated.
  59              	.L4:
  98:Src/stm32f4xx_it.c ****   /* USER CODE BEGIN HardFault_IRQn 0 */
  99:Src/stm32f4xx_it.c **** 
 100:Src/stm32f4xx_it.c ****   /* USER CODE END HardFault_IRQn 0 */
 101:Src/stm32f4xx_it.c ****   while (1)
  60              		.loc 1 101 3 discriminator 1 view .LVU5
 102:Src/stm32f4xx_it.c ****   {
 103:Src/stm32f4xx_it.c ****     /* USER CODE BEGIN W1_HardFault_IRQn 0 */
 104:Src/stm32f4xx_it.c ****     /* USER CODE END W1_HardFault_IRQn 0 */
 105:Src/stm32f4xx_it.c ****   }
  61              		.loc 1 105 3 discriminator 1 view .LVU6
 101:Src/stm32f4xx_it.c ****   {
  62              		.loc 1 101 9 discriminator 1 view .LVU7
  63 0000 FEE7     		b	.L4
  64              		.cfi_endproc
  65              	.LFE139:
  67              		.section	.text.MemManage_Handler,"ax",%progbits
  68              		.align	1
ARM GAS  C:\Users\Welbot PC-3\AppData\Local\Temp\cc15AWp0.s 			page 4


  69              		.global	MemManage_Handler
  70              		.syntax unified
  71              		.thumb
  72              		.thumb_func
  73              		.fpu fpv4-sp-d16
  75              	MemManage_Handler:
  76              	.LFB140:
 106:Src/stm32f4xx_it.c **** }
 107:Src/stm32f4xx_it.c **** 
 108:Src/stm32f4xx_it.c **** /**
 109:Src/stm32f4xx_it.c ****   * @brief This function handles Memory management fault.
 110:Src/stm32f4xx_it.c ****   */
 111:Src/stm32f4xx_it.c **** void MemManage_Handler(void)
 112:Src/stm32f4xx_it.c **** {
  77              		.loc 1 112 1 view -0
  78              		.cfi_startproc
  79              		@ Volatile: function does not return.
  80              		@ args = 0, pretend = 0, frame = 0
  81              		@ frame_needed = 0, uses_anonymous_args = 0
  82              		@ link register save eliminated.
  83              	.L6:
 113:Src/stm32f4xx_it.c ****   /* USER CODE BEGIN MemoryManagement_IRQn 0 */
 114:Src/stm32f4xx_it.c **** 
 115:Src/stm32f4xx_it.c ****   /* USER CODE END MemoryManagement_IRQn 0 */
 116:Src/stm32f4xx_it.c ****   while (1)
  84              		.loc 1 116 3 discriminator 1 view .LVU9
 117:Src/stm32f4xx_it.c ****   {
 118:Src/stm32f4xx_it.c ****     /* USER CODE BEGIN W1_MemoryManagement_IRQn 0 */
 119:Src/stm32f4xx_it.c ****     /* USER CODE END W1_MemoryManagement_IRQn 0 */
 120:Src/stm32f4xx_it.c ****   }
  85              		.loc 1 120 3 discriminator 1 view .LVU10
 116:Src/stm32f4xx_it.c ****   {
  86              		.loc 1 116 9 discriminator 1 view .LVU11
  87 0000 FEE7     		b	.L6
  88              		.cfi_endproc
  89              	.LFE140:
  91              		.section	.text.BusFault_Handler,"ax",%progbits
  92              		.align	1
  93              		.global	BusFault_Handler
  94              		.syntax unified
  95              		.thumb
  96              		.thumb_func
  97              		.fpu fpv4-sp-d16
  99              	BusFault_Handler:
 100              	.LFB141:
 121:Src/stm32f4xx_it.c **** }
 122:Src/stm32f4xx_it.c **** 
 123:Src/stm32f4xx_it.c **** /**
 124:Src/stm32f4xx_it.c ****   * @brief This function handles Pre-fetch fault, memory access fault.
 125:Src/stm32f4xx_it.c ****   */
 126:Src/stm32f4xx_it.c **** void BusFault_Handler(void)
 127:Src/stm32f4xx_it.c **** {
 101              		.loc 1 127 1 view -0
 102              		.cfi_startproc
 103              		@ Volatile: function does not return.
 104              		@ args = 0, pretend = 0, frame = 0
 105              		@ frame_needed = 0, uses_anonymous_args = 0
ARM GAS  C:\Users\Welbot PC-3\AppData\Local\Temp\cc15AWp0.s 			page 5


 106              		@ link register save eliminated.
 107              	.L8:
 128:Src/stm32f4xx_it.c ****   /* USER CODE BEGIN BusFault_IRQn 0 */
 129:Src/stm32f4xx_it.c **** 
 130:Src/stm32f4xx_it.c ****   /* USER CODE END BusFault_IRQn 0 */
 131:Src/stm32f4xx_it.c ****   while (1)
 108              		.loc 1 131 3 discriminator 1 view .LVU13
 132:Src/stm32f4xx_it.c ****   {
 133:Src/stm32f4xx_it.c ****     /* USER CODE BEGIN W1_BusFault_IRQn 0 */
 134:Src/stm32f4xx_it.c ****     /* USER CODE END W1_BusFault_IRQn 0 */
 135:Src/stm32f4xx_it.c ****   }
 109              		.loc 1 135 3 discriminator 1 view .LVU14
 131:Src/stm32f4xx_it.c ****   {
 110              		.loc 1 131 9 discriminator 1 view .LVU15
 111 0000 FEE7     		b	.L8
 112              		.cfi_endproc
 113              	.LFE141:
 115              		.section	.text.UsageFault_Handler,"ax",%progbits
 116              		.align	1
 117              		.global	UsageFault_Handler
 118              		.syntax unified
 119              		.thumb
 120              		.thumb_func
 121              		.fpu fpv4-sp-d16
 123              	UsageFault_Handler:
 124              	.LFB142:
 136:Src/stm32f4xx_it.c **** }
 137:Src/stm32f4xx_it.c **** 
 138:Src/stm32f4xx_it.c **** /**
 139:Src/stm32f4xx_it.c ****   * @brief This function handles Undefined instruction or illegal state.
 140:Src/stm32f4xx_it.c ****   */
 141:Src/stm32f4xx_it.c **** void UsageFault_Handler(void)
 142:Src/stm32f4xx_it.c **** {
 125              		.loc 1 142 1 view -0
 126              		.cfi_startproc
 127              		@ Volatile: function does not return.
 128              		@ args = 0, pretend = 0, frame = 0
 129              		@ frame_needed = 0, uses_anonymous_args = 0
 130              		@ link register save eliminated.
 131              	.L10:
 143:Src/stm32f4xx_it.c ****   /* USER CODE BEGIN UsageFault_IRQn 0 */
 144:Src/stm32f4xx_it.c **** 
 145:Src/stm32f4xx_it.c ****   /* USER CODE END UsageFault_IRQn 0 */
 146:Src/stm32f4xx_it.c ****   while (1)
 132              		.loc 1 146 3 discriminator 1 view .LVU17
 147:Src/stm32f4xx_it.c ****   {
 148:Src/stm32f4xx_it.c ****     /* USER CODE BEGIN W1_UsageFault_IRQn 0 */
 149:Src/stm32f4xx_it.c ****     /* USER CODE END W1_UsageFault_IRQn 0 */
 150:Src/stm32f4xx_it.c ****   }
 133              		.loc 1 150 3 discriminator 1 view .LVU18
 146:Src/stm32f4xx_it.c ****   {
 134              		.loc 1 146 9 discriminator 1 view .LVU19
 135 0000 FEE7     		b	.L10
 136              		.cfi_endproc
 137              	.LFE142:
 139              		.section	.text.DebugMon_Handler,"ax",%progbits
 140              		.align	1
ARM GAS  C:\Users\Welbot PC-3\AppData\Local\Temp\cc15AWp0.s 			page 6


 141              		.global	DebugMon_Handler
 142              		.syntax unified
 143              		.thumb
 144              		.thumb_func
 145              		.fpu fpv4-sp-d16
 147              	DebugMon_Handler:
 148              	.LFB143:
 151:Src/stm32f4xx_it.c **** }
 152:Src/stm32f4xx_it.c **** 
 153:Src/stm32f4xx_it.c **** /**
 154:Src/stm32f4xx_it.c ****   * @brief This function handles Debug monitor.
 155:Src/stm32f4xx_it.c ****   */
 156:Src/stm32f4xx_it.c **** void DebugMon_Handler(void)
 157:Src/stm32f4xx_it.c **** {
 149              		.loc 1 157 1 view -0
 150              		.cfi_startproc
 151              		@ args = 0, pretend = 0, frame = 0
 152              		@ frame_needed = 0, uses_anonymous_args = 0
 153              		@ link register save eliminated.
 158:Src/stm32f4xx_it.c ****   /* USER CODE BEGIN DebugMonitor_IRQn 0 */
 159:Src/stm32f4xx_it.c **** 
 160:Src/stm32f4xx_it.c ****   /* USER CODE END DebugMonitor_IRQn 0 */
 161:Src/stm32f4xx_it.c ****   /* USER CODE BEGIN DebugMonitor_IRQn 1 */
 162:Src/stm32f4xx_it.c **** 
 163:Src/stm32f4xx_it.c ****   /* USER CODE END DebugMonitor_IRQn 1 */
 164:Src/stm32f4xx_it.c **** }
 154              		.loc 1 164 1 view .LVU21
 155 0000 7047     		bx	lr
 156              		.cfi_endproc
 157              	.LFE143:
 159              		.section	.text.DMA1_Stream1_IRQHandler,"ax",%progbits
 160              		.align	1
 161              		.global	DMA1_Stream1_IRQHandler
 162              		.syntax unified
 163              		.thumb
 164              		.thumb_func
 165              		.fpu fpv4-sp-d16
 167              	DMA1_Stream1_IRQHandler:
 168              	.LFB144:
 165:Src/stm32f4xx_it.c **** 
 166:Src/stm32f4xx_it.c **** /******************************************************************************/
 167:Src/stm32f4xx_it.c **** /* STM32F4xx Peripheral Interrupt Handlers                                    */
 168:Src/stm32f4xx_it.c **** /* Add here the Interrupt Handlers for the used peripherals.                  */
 169:Src/stm32f4xx_it.c **** /* For the available peripheral interrupt handler names,                      */
 170:Src/stm32f4xx_it.c **** /* please refer to the startup file (startup_stm32f4xx.s).                    */
 171:Src/stm32f4xx_it.c **** /******************************************************************************/
 172:Src/stm32f4xx_it.c **** 
 173:Src/stm32f4xx_it.c **** /**
 174:Src/stm32f4xx_it.c ****   * @brief This function handles DMA1 stream1 global interrupt.
 175:Src/stm32f4xx_it.c ****   */
 176:Src/stm32f4xx_it.c **** void DMA1_Stream1_IRQHandler(void)
 177:Src/stm32f4xx_it.c **** {
 169              		.loc 1 177 1 view -0
 170              		.cfi_startproc
 171              		@ args = 0, pretend = 0, frame = 0
 172              		@ frame_needed = 0, uses_anonymous_args = 0
 173 0000 08B5     		push	{r3, lr}
ARM GAS  C:\Users\Welbot PC-3\AppData\Local\Temp\cc15AWp0.s 			page 7


 174              	.LCFI0:
 175              		.cfi_def_cfa_offset 8
 176              		.cfi_offset 3, -8
 177              		.cfi_offset 14, -4
 178:Src/stm32f4xx_it.c ****   /* USER CODE BEGIN DMA1_Stream1_IRQn 0 */
 179:Src/stm32f4xx_it.c **** 
 180:Src/stm32f4xx_it.c ****   /* USER CODE END DMA1_Stream1_IRQn 0 */
 181:Src/stm32f4xx_it.c ****   HAL_DMA_IRQHandler(&hdma_usart3_rx);
 178              		.loc 1 181 3 view .LVU23
 179 0002 0248     		ldr	r0, .L14
 180 0004 FFF7FEFF 		bl	HAL_DMA_IRQHandler
 181              	.LVL0:
 182:Src/stm32f4xx_it.c ****   /* USER CODE BEGIN DMA1_Stream1_IRQn 1 */
 183:Src/stm32f4xx_it.c **** 
 184:Src/stm32f4xx_it.c ****   /* USER CODE END DMA1_Stream1_IRQn 1 */
 185:Src/stm32f4xx_it.c **** }
 182              		.loc 1 185 1 is_stmt 0 view .LVU24
 183 0008 08BD     		pop	{r3, pc}
 184              	.L15:
 185 000a 00BF     		.align	2
 186              	.L14:
 187 000c 00000000 		.word	hdma_usart3_rx
 188              		.cfi_endproc
 189              	.LFE144:
 191              		.section	.text.DMA1_Stream2_IRQHandler,"ax",%progbits
 192              		.align	1
 193              		.global	DMA1_Stream2_IRQHandler
 194              		.syntax unified
 195              		.thumb
 196              		.thumb_func
 197              		.fpu fpv4-sp-d16
 199              	DMA1_Stream2_IRQHandler:
 200              	.LFB145:
 186:Src/stm32f4xx_it.c **** 
 187:Src/stm32f4xx_it.c **** /**
 188:Src/stm32f4xx_it.c ****   * @brief This function handles DMA1 stream2 global interrupt.
 189:Src/stm32f4xx_it.c ****   */
 190:Src/stm32f4xx_it.c **** void DMA1_Stream2_IRQHandler(void)
 191:Src/stm32f4xx_it.c **** {
 201              		.loc 1 191 1 is_stmt 1 view -0
 202              		.cfi_startproc
 203              		@ args = 0, pretend = 0, frame = 0
 204              		@ frame_needed = 0, uses_anonymous_args = 0
 205 0000 08B5     		push	{r3, lr}
 206              	.LCFI1:
 207              		.cfi_def_cfa_offset 8
 208              		.cfi_offset 3, -8
 209              		.cfi_offset 14, -4
 192:Src/stm32f4xx_it.c ****   /* USER CODE BEGIN DMA1_Stream2_IRQn 0 */
 193:Src/stm32f4xx_it.c ****   
 194:Src/stm32f4xx_it.c ****   /* USER CODE END DMA1_Stream2_IRQn 0 */
 195:Src/stm32f4xx_it.c ****   HAL_DMA_IRQHandler(&hdma_uart4_rx);
 210              		.loc 1 195 3 view .LVU26
 211 0002 0248     		ldr	r0, .L18
 212 0004 FFF7FEFF 		bl	HAL_DMA_IRQHandler
 213              	.LVL1:
 196:Src/stm32f4xx_it.c ****   /* USER CODE BEGIN DMA1_Stream2_IRQn 1 */
ARM GAS  C:\Users\Welbot PC-3\AppData\Local\Temp\cc15AWp0.s 			page 8


 197:Src/stm32f4xx_it.c **** 
 198:Src/stm32f4xx_it.c ****   /* USER CODE END DMA1_Stream2_IRQn 1 */
 199:Src/stm32f4xx_it.c **** }
 214              		.loc 1 199 1 is_stmt 0 view .LVU27
 215 0008 08BD     		pop	{r3, pc}
 216              	.L19:
 217 000a 00BF     		.align	2
 218              	.L18:
 219 000c 00000000 		.word	hdma_uart4_rx
 220              		.cfi_endproc
 221              	.LFE145:
 223              		.section	.text.TIM1_UP_TIM10_IRQHandler,"ax",%progbits
 224              		.align	1
 225              		.global	TIM1_UP_TIM10_IRQHandler
 226              		.syntax unified
 227              		.thumb
 228              		.thumb_func
 229              		.fpu fpv4-sp-d16
 231              	TIM1_UP_TIM10_IRQHandler:
 232              	.LFB146:
 200:Src/stm32f4xx_it.c **** 
 201:Src/stm32f4xx_it.c **** /**
 202:Src/stm32f4xx_it.c ****   * @brief This function handles TIM1 update interrupt and TIM10 global interrupt.
 203:Src/stm32f4xx_it.c ****   */
 204:Src/stm32f4xx_it.c **** void TIM1_UP_TIM10_IRQHandler(void)
 205:Src/stm32f4xx_it.c **** {
 233              		.loc 1 205 1 is_stmt 1 view -0
 234              		.cfi_startproc
 235              		@ args = 0, pretend = 0, frame = 0
 236              		@ frame_needed = 0, uses_anonymous_args = 0
 237 0000 08B5     		push	{r3, lr}
 238              	.LCFI2:
 239              		.cfi_def_cfa_offset 8
 240              		.cfi_offset 3, -8
 241              		.cfi_offset 14, -4
 206:Src/stm32f4xx_it.c ****   /* USER CODE BEGIN TIM1_UP_TIM10_IRQn 0 */
 207:Src/stm32f4xx_it.c ****   
 208:Src/stm32f4xx_it.c ****   
 209:Src/stm32f4xx_it.c ****   /* USER CODE END TIM1_UP_TIM10_IRQn 0 */
 210:Src/stm32f4xx_it.c ****   HAL_TIM_IRQHandler(&htim1);
 242              		.loc 1 210 3 view .LVU29
 243 0002 0248     		ldr	r0, .L22
 244 0004 FFF7FEFF 		bl	HAL_TIM_IRQHandler
 245              	.LVL2:
 211:Src/stm32f4xx_it.c ****   /* USER CODE BEGIN TIM1_UP_TIM10_IRQn 1 */
 212:Src/stm32f4xx_it.c ****   
 213:Src/stm32f4xx_it.c ****   /* USER CODE END TIM1_UP_TIM10_IRQn 1 */
 214:Src/stm32f4xx_it.c **** }
 246              		.loc 1 214 1 is_stmt 0 view .LVU30
 247 0008 08BD     		pop	{r3, pc}
 248              	.L23:
 249 000a 00BF     		.align	2
 250              	.L22:
 251 000c 00000000 		.word	htim1
 252              		.cfi_endproc
 253              	.LFE146:
 255              		.section	.text.USART3_IRQHandler,"ax",%progbits
ARM GAS  C:\Users\Welbot PC-3\AppData\Local\Temp\cc15AWp0.s 			page 9


 256              		.align	1
 257              		.global	USART3_IRQHandler
 258              		.syntax unified
 259              		.thumb
 260              		.thumb_func
 261              		.fpu fpv4-sp-d16
 263              	USART3_IRQHandler:
 264              	.LFB147:
 215:Src/stm32f4xx_it.c **** 
 216:Src/stm32f4xx_it.c **** /**
 217:Src/stm32f4xx_it.c ****   * @brief This function handles USART3 global interrupt.
 218:Src/stm32f4xx_it.c ****   */
 219:Src/stm32f4xx_it.c **** void USART3_IRQHandler(void)
 220:Src/stm32f4xx_it.c **** {
 265              		.loc 1 220 1 is_stmt 1 view -0
 266              		.cfi_startproc
 267              		@ args = 0, pretend = 0, frame = 0
 268              		@ frame_needed = 0, uses_anonymous_args = 0
 269 0000 08B5     		push	{r3, lr}
 270              	.LCFI3:
 271              		.cfi_def_cfa_offset 8
 272              		.cfi_offset 3, -8
 273              		.cfi_offset 14, -4
 221:Src/stm32f4xx_it.c ****   /* USER CODE BEGIN USART3_IRQn 0 */
 222:Src/stm32f4xx_it.c ****   // uint32_t temp,temp_flag;
 223:Src/stm32f4xx_it.c ****   // temp_flag=__HAL_UART_GET_FLAG(&huart3,UART_FLAG_IDLE);
 224:Src/stm32f4xx_it.c ****   // if(temp_flag!=RESET){
 225:Src/stm32f4xx_it.c ****   //   __HAL_UART_CLEAR_IDLEFLAG(&huart3);
 226:Src/stm32f4xx_it.c ****   //   temp=huart3.Instance->SR;
 227:Src/stm32f4xx_it.c ****   //   temp=huart3.Instance->DR;
 228:Src/stm32f4xx_it.c ****   //   HAL_UART_DMAStop(&huart3);
 229:Src/stm32f4xx_it.c ****   //   temp=hdma_usart3_rx.Instance->NDTR;
 230:Src/stm32f4xx_it.c ****   //   Uart3_Rx_Len=UART3_DMA_RECEIVE_BUFFER-temp;
 231:Src/stm32f4xx_it.c ****   //   Uart3_Rx_End_Flag=1;
 232:Src/stm32f4xx_it.c ****   //}
 233:Src/stm32f4xx_it.c ****   /* USER CODE END USART3_IRQn 0 */
 234:Src/stm32f4xx_it.c ****   HAL_UART_IRQHandler(&huart3);
 274              		.loc 1 234 3 view .LVU32
 275 0002 0248     		ldr	r0, .L26
 276 0004 FFF7FEFF 		bl	HAL_UART_IRQHandler
 277              	.LVL3:
 235:Src/stm32f4xx_it.c ****   /* USER CODE BEGIN USART3_IRQn 1 */
 236:Src/stm32f4xx_it.c ****   /* USER CODE END USART3_IRQn 1 */
 237:Src/stm32f4xx_it.c **** }
 278              		.loc 1 237 1 is_stmt 0 view .LVU33
 279 0008 08BD     		pop	{r3, pc}
 280              	.L27:
 281 000a 00BF     		.align	2
 282              	.L26:
 283 000c 00000000 		.word	huart3
 284              		.cfi_endproc
 285              	.LFE147:
 287              		.section	.text.UART4_IRQHandler,"ax",%progbits
 288              		.align	1
 289              		.global	UART4_IRQHandler
 290              		.syntax unified
 291              		.thumb
ARM GAS  C:\Users\Welbot PC-3\AppData\Local\Temp\cc15AWp0.s 			page 10


 292              		.thumb_func
 293              		.fpu fpv4-sp-d16
 295              	UART4_IRQHandler:
 296              	.LFB148:
 238:Src/stm32f4xx_it.c **** 
 239:Src/stm32f4xx_it.c **** /**
 240:Src/stm32f4xx_it.c ****   * @brief This function handles UART4 global interrupt.
 241:Src/stm32f4xx_it.c ****   */
 242:Src/stm32f4xx_it.c **** void UART4_IRQHandler(void)
 243:Src/stm32f4xx_it.c **** {
 297              		.loc 1 243 1 is_stmt 1 view -0
 298              		.cfi_startproc
 299              		@ args = 0, pretend = 0, frame = 8
 300              		@ frame_needed = 0, uses_anonymous_args = 0
 301 0000 00B5     		push	{lr}
 302              	.LCFI4:
 303              		.cfi_def_cfa_offset 4
 304              		.cfi_offset 14, -4
 305 0002 83B0     		sub	sp, sp, #12
 306              	.LCFI5:
 307              		.cfi_def_cfa_offset 16
 244:Src/stm32f4xx_it.c ****   /* USER CODE BEGIN UART4_IRQn 0 */
 245:Src/stm32f4xx_it.c ****   BaseType_t err=pdFALSE;
 308              		.loc 1 245 3 view .LVU35
 309              	.LVL4:
 246:Src/stm32f4xx_it.c ****   BaseType_t xHigherPriorityTaskWoken;
 310              		.loc 1 246 3 view .LVU36
 247:Src/stm32f4xx_it.c ****   uint32_t temp_flag,temp=0;
 311              		.loc 1 247 3 view .LVU37
 248:Src/stm32f4xx_it.c ****   uint32_t receive_cnt;
 312              		.loc 1 248 3 view .LVU38
 249:Src/stm32f4xx_it.c ****   if(__HAL_UART_GET_FLAG(&huart4,UART_FLAG_IDLE)!=RESET){
 313              		.loc 1 249 3 view .LVU39
 314              		.loc 1 249 6 is_stmt 0 view .LVU40
 315 0004 194B     		ldr	r3, .L32
 316 0006 1B68     		ldr	r3, [r3]
 317 0008 1A68     		ldr	r2, [r3]
 318              		.loc 1 249 5 view .LVU41
 319 000a 12F0100F 		tst	r2, #16
 320 000e 0CD0     		beq	.L29
 250:Src/stm32f4xx_it.c ****     __HAL_UART_CLEAR_IDLEFLAG(&huart4);
 321              		.loc 1 250 5 is_stmt 1 view .LVU42
 322              	.LBB2:
 323              		.loc 1 250 5 view .LVU43
 324 0010 0022     		movs	r2, #0
 325 0012 0092     		str	r2, [sp]
 326              		.loc 1 250 5 view .LVU44
 327 0014 1A68     		ldr	r2, [r3]
 328 0016 0092     		str	r2, [sp]
 329              		.loc 1 250 5 view .LVU45
 330 0018 5A68     		ldr	r2, [r3, #4]
 331 001a 0092     		str	r2, [sp]
 332              		.loc 1 250 5 view .LVU46
 333 001c 009A     		ldr	r2, [sp]
 334              	.LBE2:
 335              		.loc 1 250 5 view .LVU47
 251:Src/stm32f4xx_it.c ****     temp=huart4.Instance->SR;
ARM GAS  C:\Users\Welbot PC-3\AppData\Local\Temp\cc15AWp0.s 			page 11


 336              		.loc 1 251 5 view .LVU48
 337              		.loc 1 251 9 is_stmt 0 view .LVU49
 338 001e 1A68     		ldr	r2, [r3]
 339              	.LVL5:
 252:Src/stm32f4xx_it.c ****     temp=huart4.Instance->DR;
 340              		.loc 1 252 5 is_stmt 1 view .LVU50
 341              		.loc 1 252 9 is_stmt 0 view .LVU51
 342 0020 5B68     		ldr	r3, [r3, #4]
 253:Src/stm32f4xx_it.c ****     if( Request_imu_data_flag==1 ){
 343              		.loc 1 253 5 is_stmt 1 view .LVU52
 344              		.loc 1 253 30 is_stmt 0 view .LVU53
 345 0022 134B     		ldr	r3, .L32+4
 346 0024 1B78     		ldrb	r3, [r3]	@ zero_extendqisi2
 347              		.loc 1 253 7 view .LVU54
 348 0026 012B     		cmp	r3, #1
 349 0028 05D0     		beq	.L31
 350              	.L29:
 254:Src/stm32f4xx_it.c ****       temp = hdma_uart4_rx.Instance -> NDTR;
 255:Src/stm32f4xx_it.c ****       receive_cnt = UART4_DMA_RECEIVE_BUFFER-temp;
 256:Src/stm32f4xx_it.c ****       if( receive_cnt >= 91 ){
 257:Src/stm32f4xx_it.c ****         HAL_UART_DMAStop(&huart4);
 258:Src/stm32f4xx_it.c ****         xSemaphoreGiveFromISR( IMUReadyToRECEIVE_Semaphore , &xHigherPriorityTaskWoken );
 259:Src/stm32f4xx_it.c ****         portYIELD_FROM_ISR(&xHigherPriorityTaskWoken);
 351              		.loc 1 259 54 is_stmt 1 discriminator 3 view .LVU55
 260:Src/stm32f4xx_it.c ****       }
 261:Src/stm32f4xx_it.c ****     }
 262:Src/stm32f4xx_it.c ****   }
 263:Src/stm32f4xx_it.c ****   
 264:Src/stm32f4xx_it.c ****   /* USER CODE END UART4_IRQn 0 */
 265:Src/stm32f4xx_it.c ****   HAL_UART_IRQHandler(&huart4);
 352              		.loc 1 265 3 discriminator 3 view .LVU56
 353 002a 1048     		ldr	r0, .L32
 354 002c FFF7FEFF 		bl	HAL_UART_IRQHandler
 355              	.LVL6:
 266:Src/stm32f4xx_it.c ****   /* USER CODE BEGIN UART4_IRQn 1 */
 267:Src/stm32f4xx_it.c **** 
 268:Src/stm32f4xx_it.c ****   /* USER CODE END UART4_IRQn 1 */
 269:Src/stm32f4xx_it.c **** }
 356              		.loc 1 269 1 is_stmt 0 discriminator 3 view .LVU57
 357 0030 03B0     		add	sp, sp, #12
 358              	.LCFI6:
 359              		.cfi_remember_state
 360              		.cfi_def_cfa_offset 4
 361              		@ sp needed
 362 0032 5DF804FB 		ldr	pc, [sp], #4
 363              	.L31:
 364              	.LCFI7:
 365              		.cfi_restore_state
 254:Src/stm32f4xx_it.c ****       receive_cnt = UART4_DMA_RECEIVE_BUFFER-temp;
 366              		.loc 1 254 7 is_stmt 1 view .LVU58
 254:Src/stm32f4xx_it.c ****       receive_cnt = UART4_DMA_RECEIVE_BUFFER-temp;
 367              		.loc 1 254 27 is_stmt 0 view .LVU59
 368 0036 0F4B     		ldr	r3, .L32+8
 369 0038 1B68     		ldr	r3, [r3]
 254:Src/stm32f4xx_it.c ****       receive_cnt = UART4_DMA_RECEIVE_BUFFER-temp;
 370              		.loc 1 254 12 view .LVU60
 371 003a 5B68     		ldr	r3, [r3, #4]
ARM GAS  C:\Users\Welbot PC-3\AppData\Local\Temp\cc15AWp0.s 			page 12


 372              	.LVL7:
 255:Src/stm32f4xx_it.c ****       if( receive_cnt >= 91 ){
 373              		.loc 1 255 7 is_stmt 1 view .LVU61
 255:Src/stm32f4xx_it.c ****       if( receive_cnt >= 91 ){
 374              		.loc 1 255 19 is_stmt 0 view .LVU62
 375 003c C3F1B603 		rsb	r3, r3, #182
 376              	.LVL8:
 256:Src/stm32f4xx_it.c ****         HAL_UART_DMAStop(&huart4);
 377              		.loc 1 256 7 is_stmt 1 view .LVU63
 256:Src/stm32f4xx_it.c ****         HAL_UART_DMAStop(&huart4);
 378              		.loc 1 256 9 is_stmt 0 view .LVU64
 379 0040 5A2B     		cmp	r3, #90
 380 0042 F2D9     		bls	.L29
 257:Src/stm32f4xx_it.c ****         xSemaphoreGiveFromISR( IMUReadyToRECEIVE_Semaphore , &xHigherPriorityTaskWoken );
 381              		.loc 1 257 9 is_stmt 1 view .LVU65
 382 0044 0948     		ldr	r0, .L32
 383 0046 FFF7FEFF 		bl	HAL_UART_DMAStop
 384              	.LVL9:
 258:Src/stm32f4xx_it.c ****         portYIELD_FROM_ISR(&xHigherPriorityTaskWoken);
 385              		.loc 1 258 9 view .LVU66
 386 004a 01A9     		add	r1, sp, #4
 387 004c 0A4B     		ldr	r3, .L32+12
 388 004e 1868     		ldr	r0, [r3]
 389 0050 FFF7FEFF 		bl	xQueueGiveFromISR
 390              	.LVL10:
 259:Src/stm32f4xx_it.c ****       }
 391              		.loc 1 259 9 view .LVU67
 259:Src/stm32f4xx_it.c ****       }
 392              		.loc 1 259 9 view .LVU68
 393 0054 4FF0E023 		mov	r3, #-536813568
 394 0058 4FF08052 		mov	r2, #268435456
 395 005c C3F8042D 		str	r2, [r3, #3332]
 259:Src/stm32f4xx_it.c ****       }
 396              		.loc 1 259 9 view .LVU69
 397              		.syntax unified
 398              	@ 259 "Src/stm32f4xx_it.c" 1
 399 0060 BFF34F8F 		dsb
 400              	@ 0 "" 2
 259:Src/stm32f4xx_it.c ****       }
 401              		.loc 1 259 9 view .LVU70
 402              	@ 259 "Src/stm32f4xx_it.c" 1
 403 0064 BFF36F8F 		isb
 404              	@ 0 "" 2
 405              		.thumb
 406              		.syntax unified
 407 0068 DFE7     		b	.L29
 408              	.L33:
 409 006a 00BF     		.align	2
 410              	.L32:
 411 006c 00000000 		.word	huart4
 412 0070 00000000 		.word	Request_imu_data_flag
 413 0074 00000000 		.word	hdma_uart4_rx
 414 0078 00000000 		.word	IMUReadyToRECEIVE_Semaphore
 415              		.cfi_endproc
 416              	.LFE148:
 418              		.text
 419              	.Letext0:
ARM GAS  C:\Users\Welbot PC-3\AppData\Local\Temp\cc15AWp0.s 			page 13


 420              		.file 2 "c:\\program files (x86)\\gnu arm embedded toolchain\\10 2020-q4-major\\arm-none-eabi\\inc
 421              		.file 3 "c:\\program files (x86)\\gnu arm embedded toolchain\\10 2020-q4-major\\arm-none-eabi\\inc
 422              		.file 4 "Drivers/CMSIS/Device/ST/STM32F4xx/Include/stm32f407xx.h"
 423              		.file 5 "Drivers/CMSIS/Device/ST/STM32F4xx/Include/stm32f4xx.h"
 424              		.file 6 "Drivers/STM32F4xx_HAL_Driver/Inc/stm32f4xx_hal_def.h"
 425              		.file 7 "Drivers/STM32F4xx_HAL_Driver/Inc/stm32f4xx_hal_dma.h"
 426              		.file 8 "Drivers/STM32F4xx_HAL_Driver/Inc/stm32f4xx_hal_tim.h"
 427              		.file 9 "Drivers/STM32F4xx_HAL_Driver/Inc/stm32f4xx_hal_uart.h"
 428              		.file 10 "Middlewares/Third_Party/FreeRTOS/Source/portable/GCC/ARM_CM4F/portmacro.h"
 429              		.file 11 "Middlewares/Third_Party/FreeRTOS/Source/include/queue.h"
 430              		.file 12 "Middlewares/Third_Party/FreeRTOS/Source/include/semphr.h"
 431              		.file 13 "Inc/main.h"
 432              		.file 14 "Inc/usart.h"
 433              		.file 15 "Inc/imu.h"
ARM GAS  C:\Users\Welbot PC-3\AppData\Local\Temp\cc15AWp0.s 			page 14


DEFINED SYMBOLS
                            *ABS*:00000000 stm32f4xx_it.c
C:\Users\Welbot PC-3\AppData\Local\Temp\cc15AWp0.s:18     .text.NMI_Handler:00000000 $t
C:\Users\Welbot PC-3\AppData\Local\Temp\cc15AWp0.s:26     .text.NMI_Handler:00000000 NMI_Handler
C:\Users\Welbot PC-3\AppData\Local\Temp\cc15AWp0.s:44     .text.HardFault_Handler:00000000 $t
C:\Users\Welbot PC-3\AppData\Local\Temp\cc15AWp0.s:51     .text.HardFault_Handler:00000000 HardFault_Handler
C:\Users\Welbot PC-3\AppData\Local\Temp\cc15AWp0.s:68     .text.MemManage_Handler:00000000 $t
C:\Users\Welbot PC-3\AppData\Local\Temp\cc15AWp0.s:75     .text.MemManage_Handler:00000000 MemManage_Handler
C:\Users\Welbot PC-3\AppData\Local\Temp\cc15AWp0.s:92     .text.BusFault_Handler:00000000 $t
C:\Users\Welbot PC-3\AppData\Local\Temp\cc15AWp0.s:99     .text.BusFault_Handler:00000000 BusFault_Handler
C:\Users\Welbot PC-3\AppData\Local\Temp\cc15AWp0.s:116    .text.UsageFault_Handler:00000000 $t
C:\Users\Welbot PC-3\AppData\Local\Temp\cc15AWp0.s:123    .text.UsageFault_Handler:00000000 UsageFault_Handler
C:\Users\Welbot PC-3\AppData\Local\Temp\cc15AWp0.s:140    .text.DebugMon_Handler:00000000 $t
C:\Users\Welbot PC-3\AppData\Local\Temp\cc15AWp0.s:147    .text.DebugMon_Handler:00000000 DebugMon_Handler
C:\Users\Welbot PC-3\AppData\Local\Temp\cc15AWp0.s:160    .text.DMA1_Stream1_IRQHandler:00000000 $t
C:\Users\Welbot PC-3\AppData\Local\Temp\cc15AWp0.s:167    .text.DMA1_Stream1_IRQHandler:00000000 DMA1_Stream1_IRQHandler
C:\Users\Welbot PC-3\AppData\Local\Temp\cc15AWp0.s:187    .text.DMA1_Stream1_IRQHandler:0000000c $d
C:\Users\Welbot PC-3\AppData\Local\Temp\cc15AWp0.s:192    .text.DMA1_Stream2_IRQHandler:00000000 $t
C:\Users\Welbot PC-3\AppData\Local\Temp\cc15AWp0.s:199    .text.DMA1_Stream2_IRQHandler:00000000 DMA1_Stream2_IRQHandler
C:\Users\Welbot PC-3\AppData\Local\Temp\cc15AWp0.s:219    .text.DMA1_Stream2_IRQHandler:0000000c $d
C:\Users\Welbot PC-3\AppData\Local\Temp\cc15AWp0.s:224    .text.TIM1_UP_TIM10_IRQHandler:00000000 $t
C:\Users\Welbot PC-3\AppData\Local\Temp\cc15AWp0.s:231    .text.TIM1_UP_TIM10_IRQHandler:00000000 TIM1_UP_TIM10_IRQHandler
C:\Users\Welbot PC-3\AppData\Local\Temp\cc15AWp0.s:251    .text.TIM1_UP_TIM10_IRQHandler:0000000c $d
C:\Users\Welbot PC-3\AppData\Local\Temp\cc15AWp0.s:256    .text.USART3_IRQHandler:00000000 $t
C:\Users\Welbot PC-3\AppData\Local\Temp\cc15AWp0.s:263    .text.USART3_IRQHandler:00000000 USART3_IRQHandler
C:\Users\Welbot PC-3\AppData\Local\Temp\cc15AWp0.s:283    .text.USART3_IRQHandler:0000000c $d
C:\Users\Welbot PC-3\AppData\Local\Temp\cc15AWp0.s:288    .text.UART4_IRQHandler:00000000 $t
C:\Users\Welbot PC-3\AppData\Local\Temp\cc15AWp0.s:295    .text.UART4_IRQHandler:00000000 UART4_IRQHandler
C:\Users\Welbot PC-3\AppData\Local\Temp\cc15AWp0.s:411    .text.UART4_IRQHandler:0000006c $d

UNDEFINED SYMBOLS
HAL_DMA_IRQHandler
hdma_usart3_rx
hdma_uart4_rx
HAL_TIM_IRQHandler
htim1
HAL_UART_IRQHandler
huart3
HAL_UART_DMAStop
xQueueGiveFromISR
huart4
Request_imu_data_flag
IMUReadyToRECEIVE_Semaphore
